2018-01-25 08:56:50.666 [main] WARN  o.h.v.m.ParameterMessageInterpolator:	HV000184: ParameterMessageInterpolator has been chosen, EL interpolation will not be supported
2018-01-25 08:56:51.154 [main] WARN  o.h.v.m.ParameterMessageInterpolator:	HV000184: ParameterMessageInterpolator has been chosen, EL interpolation will not be supported
2018-01-25 08:57:27.899 [main] WARN  o.h.v.m.ParameterMessageInterpolator:	HV000184: ParameterMessageInterpolator has been chosen, EL interpolation will not be supported
2018-01-25 08:57:28.433 [main] WARN  o.h.v.m.ParameterMessageInterpolator:	HV000184: ParameterMessageInterpolator has been chosen, EL interpolation will not be supported
2018-01-25 09:20:27.418 [main] WARN  o.h.v.m.ParameterMessageInterpolator:	HV000184: ParameterMessageInterpolator has been chosen, EL interpolation will not be supported
2018-01-25 09:20:27.905 [main] WARN  o.h.v.m.ParameterMessageInterpolator:	HV000184: ParameterMessageInterpolator has been chosen, EL interpolation will not be supported
2018-01-25 09:20:29.245 [main] WARN  com.ec.formflood.flood.URLFlood:	
url:http://dg.duoshoujie.cn/fopai/submit.asp
params:[fname=张三, ftel=13049682450, faddress=广东省广州市天河区中山一路338号, fchanpin=天然白玛瑙       本命佛398.0元, remark=哈哈哈哈哈哈。。。。]

2018-01-25 09:20:29.245 [main] WARN  com.ec.formflood.flood.URLFlood:	

2018-01-25 09:23:58.615 [main] WARN  o.h.v.m.ParameterMessageInterpolator:	HV000184: ParameterMessageInterpolator has been chosen, EL interpolation will not be supported
2018-01-25 09:23:59.108 [main] WARN  o.h.v.m.ParameterMessageInterpolator:	HV000184: ParameterMessageInterpolator has been chosen, EL interpolation will not be supported
2018-01-25 09:30:21.079 [main] WARN  o.h.v.m.ParameterMessageInterpolator:	HV000184: ParameterMessageInterpolator has been chosen, EL interpolation will not be supported
2018-01-25 09:30:21.508 [main] WARN  o.s.c.a.AnnotationConfigApplicationContext:	Exception encountered during context initialization - cancelling refresh attempt: org.springframework.beans.factory.UnsatisfiedDependencyException: Error creating bean with name 'mKmdjsmCN_ART': Unsatisfied dependency expressed through field 'product'; nested exception is org.springframework.beans.factory.NoSuchBeanDefinitionException: No qualifying bean of type 'com.ec.formflood.random.RProduct' available: expected at least 1 bean which qualifies as autowire candidate. Dependency annotations: {@org.springframework.beans.factory.annotation.Autowired(required=true), @org.springframework.beans.factory.annotation.Qualifier(value=mKmdjsmCNProduct)}
2018-01-25 09:30:21.883 [main] WARN  o.h.v.m.ParameterMessageInterpolator:	HV000184: ParameterMessageInterpolator has been chosen, EL interpolation will not be supported
2018-01-25 09:30:21.962 [main] WARN  o.s.c.a.AnnotationConfigApplicationContext:	Exception encountered during context initialization - cancelling refresh attempt: org.springframework.beans.factory.UnsatisfiedDependencyException: Error creating bean with name 'mKmdjsmCN_ART': Unsatisfied dependency expressed through field 'product'; nested exception is org.springframework.beans.factory.NoSuchBeanDefinitionException: No qualifying bean of type 'com.ec.formflood.random.RProduct' available: expected at least 1 bean which qualifies as autowire candidate. Dependency annotations: {@org.springframework.beans.factory.annotation.Autowired(required=true), @org.springframework.beans.factory.annotation.Qualifier(value=mKmdjsmCNProduct)}
2018-01-25 09:32:46.136 [main] WARN  o.h.v.m.ParameterMessageInterpolator:	HV000184: ParameterMessageInterpolator has been chosen, EL interpolation will not be supported
2018-01-25 09:32:46.653 [main] WARN  o.h.v.m.ParameterMessageInterpolator:	HV000184: ParameterMessageInterpolator has been chosen, EL interpolation will not be supported
2018-01-25 09:32:51.910 [I/O dispatcher 1] WARN  c.e.f.flood.AsyncRestTemplateFlood$SCallback:	
url:http://m.kmdjsm.cn/fopai/sub.asp
params:{"fname":"张三","ftel":13049682450,"faddress":"广东省广州市天河区中山一路338号","fchanpin":"天然白玛瑙       本命佛398.0元","remark":"哈哈哈哈哈哈。。。。"}
proxy:139.199.230.242,1080,SOCKS5,null,null
duration:4869

2018-01-25 09:32:51.910 [I/O dispatcher 1] WARN  c.e.f.flood.AsyncRestTemplateFlood$SCallback:	

2018-01-25 09:33:38.052 [main] WARN  o.h.v.m.ParameterMessageInterpolator:	HV000184: ParameterMessageInterpolator has been chosen, EL interpolation will not be supported
2018-01-25 09:33:38.587 [main] WARN  o.h.v.m.ParameterMessageInterpolator:	HV000184: ParameterMessageInterpolator has been chosen, EL interpolation will not be supported
2018-01-25 09:33:39.922 [I/O dispatcher 1] WARN  c.e.f.flood.AsyncRestTemplateFlood$SCallback:	
url:http://m.kmdjsm.cn/fopai/sub.asp
params:{"fname":"张三","ftel":13049682450,"faddress":"广东省广州市天河区中山一路338号","fchanpin":"天然白玛瑙       本命佛398.0元","remark":"哈哈哈哈哈哈。。。。"}
proxy:139.199.230.242,1080,SOCKS5,null,null
duration:989

2018-01-25 09:33:39.922 [I/O dispatcher 1] WARN  c.e.f.flood.AsyncRestTemplateFlood$SCallback:	

2018-01-25 09:34:46.274 [main] WARN  o.h.v.m.ParameterMessageInterpolator:	HV000184: ParameterMessageInterpolator has been chosen, EL interpolation will not be supported
2018-01-25 09:34:46.787 [main] WARN  o.h.v.m.ParameterMessageInterpolator:	HV000184: ParameterMessageInterpolator has been chosen, EL interpolation will not be supported
2018-01-25 09:35:34.401 [main] WARN  o.h.v.m.ParameterMessageInterpolator:	HV000184: ParameterMessageInterpolator has been chosen, EL interpolation will not be supported
2018-01-25 09:35:34.929 [main] WARN  o.h.v.m.ParameterMessageInterpolator:	HV000184: ParameterMessageInterpolator has been chosen, EL interpolation will not be supported
2018-01-25 09:36:02.725 [main] WARN  o.h.v.m.ParameterMessageInterpolator:	HV000184: ParameterMessageInterpolator has been chosen, EL interpolation will not be supported
2018-01-25 09:36:03.229 [main] WARN  o.h.v.m.ParameterMessageInterpolator:	HV000184: ParameterMessageInterpolator has been chosen, EL interpolation will not be supported
2018-01-25 09:37:42.823 [main] WARN  o.h.v.m.ParameterMessageInterpolator:	HV000184: ParameterMessageInterpolator has been chosen, EL interpolation will not be supported
2018-01-25 09:37:43.335 [main] WARN  o.h.v.m.ParameterMessageInterpolator:	HV000184: ParameterMessageInterpolator has been chosen, EL interpolation will not be supported
2018-01-25 09:39:20.904 [main] WARN  o.h.v.m.ParameterMessageInterpolator:	HV000184: ParameterMessageInterpolator has been chosen, EL interpolation will not be supported
2018-01-25 09:39:21.390 [main] WARN  o.h.v.m.ParameterMessageInterpolator:	HV000184: ParameterMessageInterpolator has been chosen, EL interpolation will not be supported
2018-01-25 09:39:22.103 [I/O dispatcher 1] WARN  c.e.f.flood.AsyncRestTemplateFlood$SCallback:	
url:http://dg.duoshoujie.cn/fopai/submit.asp
params:{"fname":"张三","ftel":13049682450,"faddress":"广东省广州市天河区中山一路338号","fchanpin":"天然白玛瑙       本命佛398.0元","remark":"哈哈哈哈哈哈。。。。"}
duration:367

2018-01-25 09:39:22.103 [I/O dispatcher 1] WARN  c.e.f.flood.AsyncRestTemplateFlood$SCallback:	

2018-01-25 09:46:03.811 [main] WARN  o.h.v.m.ParameterMessageInterpolator:	HV000184: ParameterMessageInterpolator has been chosen, EL interpolation will not be supported
2018-01-25 09:46:04.331 [main] WARN  o.h.v.m.ParameterMessageInterpolator:	HV000184: ParameterMessageInterpolator has been chosen, EL interpolation will not be supported
2018-01-25 09:46:06.535 [main] WARN  com.ec.formflood.flood.URLFlood:	
url:http://m.kmdjsm.cn/fopai/sub.asp
params:[fname=李四, ftel=13049682450, faddress=广东省怀从县准墒针镇受三村, fchanpin=天然白玛瑙 本命佛398元, remark=xxxxxxxxxx]
status:200
msg:OK

2018-01-25 09:46:06.535 [main] WARN  com.ec.formflood.flood.URLFlood:	

2018-01-25 09:46:20.529 [main] WARN  o.h.v.m.ParameterMessageInterpolator:	HV000184: ParameterMessageInterpolator has been chosen, EL interpolation will not be supported
2018-01-25 09:46:21.063 [main] WARN  o.h.v.m.ParameterMessageInterpolator:	HV000184: ParameterMessageInterpolator has been chosen, EL interpolation will not be supported
2018-01-25 09:46:22.241 [main] WARN  com.ec.formflood.flood.URLFlood:	
url:http://m.kmdjsm.cn/fopai/sub.asp
params:[fname=李四, ftel=13049682450, faddress=广东省怀从县准墒针镇受三村, fchanpin=天然白玛瑙 本命佛398元, remark=xxxxxxxxxx]
status:200
msg:OK

2018-01-25 09:46:22.241 [main] WARN  com.ec.formflood.flood.URLFlood:	

2018-01-25 09:46:59.515 [main] WARN  o.h.v.m.ParameterMessageInterpolator:	HV000184: ParameterMessageInterpolator has been chosen, EL interpolation will not be supported
2018-01-25 09:47:00.020 [main] WARN  o.h.v.m.ParameterMessageInterpolator:	HV000184: ParameterMessageInterpolator has been chosen, EL interpolation will not be supported
2018-01-25 09:47:37.314 [main] WARN  o.h.v.m.ParameterMessageInterpolator:	HV000184: ParameterMessageInterpolator has been chosen, EL interpolation will not be supported
2018-01-25 09:47:37.810 [main] WARN  o.h.v.m.ParameterMessageInterpolator:	HV000184: ParameterMessageInterpolator has been chosen, EL interpolation will not be supported
2018-01-25 09:47:56.417 [main] WARN  o.h.v.m.ParameterMessageInterpolator:	HV000184: ParameterMessageInterpolator has been chosen, EL interpolation will not be supported
2018-01-25 09:47:56.928 [main] WARN  o.h.v.m.ParameterMessageInterpolator:	HV000184: ParameterMessageInterpolator has been chosen, EL interpolation will not be supported
2018-01-25 09:49:03.769 [main] WARN  o.h.v.m.ParameterMessageInterpolator:	HV000184: ParameterMessageInterpolator has been chosen, EL interpolation will not be supported
2018-01-25 09:49:04.280 [main] WARN  o.h.v.m.ParameterMessageInterpolator:	HV000184: ParameterMessageInterpolator has been chosen, EL interpolation will not be supported
2018-01-25 09:49:05.733 [main] WARN  com.ec.formflood.flood.URLFlood:	
url:http://m.kmdjsm.cn/fopai/sub.asp
params:[fname=李四, ftel=13049682450, faddress=广东省怀从县准墒针镇受三村, fchanpin=天然白玛瑙 本命佛398元, remark=xxxxxxxxxx]
status:200
msg:OK
proxy:123.207.25.143,3128,HTTPS,null,null

2018-01-25 09:49:05.733 [main] WARN  com.ec.formflood.flood.URLFlood:	

2018-01-25 09:49:29.689 [main] WARN  o.h.v.m.ParameterMessageInterpolator:	HV000184: ParameterMessageInterpolator has been chosen, EL interpolation will not be supported
2018-01-25 09:49:30.202 [main] WARN  o.h.v.m.ParameterMessageInterpolator:	HV000184: ParameterMessageInterpolator has been chosen, EL interpolation will not be supported
2018-01-25 09:49:42.490 [main] WARN  o.h.v.m.ParameterMessageInterpolator:	HV000184: ParameterMessageInterpolator has been chosen, EL interpolation will not be supported
2018-01-25 09:49:43.016 [main] WARN  o.h.v.m.ParameterMessageInterpolator:	HV000184: ParameterMessageInterpolator has been chosen, EL interpolation will not be supported
2018-01-25 09:49:58.169 [main] WARN  o.h.v.m.ParameterMessageInterpolator:	HV000184: ParameterMessageInterpolator has been chosen, EL interpolation will not be supported
2018-01-25 09:49:58.652 [main] WARN  o.h.v.m.ParameterMessageInterpolator:	HV000184: ParameterMessageInterpolator has been chosen, EL interpolation will not be supported
2018-01-25 09:49:59.628 [main] WARN  com.ec.formflood.flood.URLFlood:	
url:http://m.kmdjsm.cn/fopai/sub.asp
params:[fname=李四, ftel=13049682450, faddress=广东省怀从县准墒针镇受三村, fchanpin=天然白玛瑙 本命佛398元, remark=xxxxxxxxxx]
status:200
msg:OK
proxy:123.207.25.143,3128,HTTPS,null,null

2018-01-25 09:49:59.628 [main] WARN  com.ec.formflood.flood.URLFlood:	

2018-01-25 09:50:16.738 [main] WARN  o.h.v.m.ParameterMessageInterpolator:	HV000184: ParameterMessageInterpolator has been chosen, EL interpolation will not be supported
2018-01-25 09:50:17.253 [main] WARN  o.h.v.m.ParameterMessageInterpolator:	HV000184: ParameterMessageInterpolator has been chosen, EL interpolation will not be supported
2018-01-25 09:50:18.493 [main] WARN  com.ec.formflood.flood.URLFlood:	
url:http://m.kmdjsm.cn/fopai/sub.asp
params:[fname=李四, ftel=13049682450, faddress=广东省怀从县准墒针镇受三村, fchanpin=天然白玛瑙 本命佛398元, remark=xxxxxxxxxx]
status:200
msg:OK

2018-01-25 09:50:18.493 [main] WARN  com.ec.formflood.flood.URLFlood:	

2018-01-25 09:57:18.523 [main] WARN  o.h.v.m.ParameterMessageInterpolator:	HV000184: ParameterMessageInterpolator has been chosen, EL interpolation will not be supported
2018-01-25 09:57:19.048 [main] WARN  o.h.v.m.ParameterMessageInterpolator:	HV000184: ParameterMessageInterpolator has been chosen, EL interpolation will not be supported
2018-01-25 09:57:19.834 [I/O dispatcher 1] WARN  c.e.f.flood.AsyncRestTemplateFlood$SCallback:	
url:http://dg.duoshoujie.cn/fopai/submit.asp
params:{"fname":"张三","ftel":13049682450,"faddress":"广东省广州市天河区中山一路338号","fchanpin":"天然白玛瑙       本命佛398.0元","remark":"哈哈哈哈哈哈。。。。"}
duration:409

2018-01-25 09:57:19.834 [I/O dispatcher 1] WARN  c.e.f.flood.AsyncRestTemplateFlood$SCallback:	

2018-01-25 09:57:43.183 [main] WARN  o.h.v.m.ParameterMessageInterpolator:	HV000184: ParameterMessageInterpolator has been chosen, EL interpolation will not be supported
2018-01-25 09:57:43.718 [main] WARN  o.h.v.m.ParameterMessageInterpolator:	HV000184: ParameterMessageInterpolator has been chosen, EL interpolation will not be supported
2018-01-25 09:57:44.462 [I/O dispatcher 1] WARN  c.e.f.flood.AsyncRestTemplateFlood$SCallback:	
url:http://dg.duoshoujie.cn/fopai/submit.asp
params:{"fname":"张三","ftel":13049682450,"faddress":"广东省广州市天河区中山一路338号","fchanpin":"天然白玛瑙       本命佛398.0元","remark":"哈哈哈哈哈哈。。。。"}
duration:370

2018-01-25 09:57:44.463 [I/O dispatcher 1] WARN  c.e.f.flood.AsyncRestTemplateFlood$SCallback:	

2018-01-25 09:57:48.259 [main] WARN  o.h.v.m.ParameterMessageInterpolator:	HV000184: ParameterMessageInterpolator has been chosen, EL interpolation will not be supported
2018-01-25 09:57:48.780 [main] WARN  o.h.v.m.ParameterMessageInterpolator:	HV000184: ParameterMessageInterpolator has been chosen, EL interpolation will not be supported
2018-01-25 09:57:49.432 [I/O dispatcher 1] WARN  c.e.f.flood.AsyncRestTemplateFlood$SCallback:	
url:http://dg.duoshoujie.cn/fopai/submit.asp
params:{"fname":"张三","ftel":13049682450,"faddress":"广东省广州市天河区中山一路338号","fchanpin":"天然白玛瑙       本命佛398.0元","remark":"哈哈哈哈哈哈。。。。"}
duration:378

2018-01-25 09:57:49.432 [I/O dispatcher 1] WARN  c.e.f.flood.AsyncRestTemplateFlood$SCallback:	

2018-01-25 09:57:55.607 [main] WARN  o.h.v.m.ParameterMessageInterpolator:	HV000184: ParameterMessageInterpolator has been chosen, EL interpolation will not be supported
2018-01-25 09:57:56.124 [main] WARN  o.h.v.m.ParameterMessageInterpolator:	HV000184: ParameterMessageInterpolator has been chosen, EL interpolation will not be supported
2018-01-25 09:57:56.874 [I/O dispatcher 1] WARN  c.e.f.flood.AsyncRestTemplateFlood$SCallback:	
url:http://dg.duoshoujie.cn/fopai/submit.asp
params:{"fname":"张三","ftel":13049682450,"faddress":"广东省广州市天河区中山一路338号","fchanpin":"天然白玛瑙       本命佛398.0元","remark":"哈哈哈哈哈哈。。。。"}
duration:402

2018-01-25 09:57:56.874 [I/O dispatcher 1] WARN  c.e.f.flood.AsyncRestTemplateFlood$SCallback:	

2018-01-25 09:58:01.771 [main] WARN  o.h.v.m.ParameterMessageInterpolator:	HV000184: ParameterMessageInterpolator has been chosen, EL interpolation will not be supported
2018-01-25 09:58:02.290 [main] WARN  o.h.v.m.ParameterMessageInterpolator:	HV000184: ParameterMessageInterpolator has been chosen, EL interpolation will not be supported
2018-01-25 09:58:03.004 [I/O dispatcher 1] WARN  c.e.f.flood.AsyncRestTemplateFlood$SCallback:	
url:http://dg.duoshoujie.cn/fopai/submit.asp
params:{"fname":"张三","ftel":13049682450,"faddress":"广东省广州市天河区中山一路338号","fchanpin":"天然白玛瑙       本命佛398.0元","remark":"哈哈哈哈哈哈。。。。"}
duration:372

2018-01-25 09:58:03.004 [I/O dispatcher 1] WARN  c.e.f.flood.AsyncRestTemplateFlood$SCallback:	

2018-01-25 09:58:07.115 [main] WARN  o.h.v.m.ParameterMessageInterpolator:	HV000184: ParameterMessageInterpolator has been chosen, EL interpolation will not be supported
2018-01-25 09:58:07.637 [main] WARN  o.h.v.m.ParameterMessageInterpolator:	HV000184: ParameterMessageInterpolator has been chosen, EL interpolation will not be supported
2018-01-25 09:58:08.317 [I/O dispatcher 1] WARN  c.e.f.flood.AsyncRestTemplateFlood$SCallback:	
url:http://dg.duoshoujie.cn/fopai/submit.asp
params:{"fname":"张三","ftel":13049682450,"faddress":"广东省广州市天河区中山一路338号","fchanpin":"天然白玛瑙       本命佛398.0元","remark":"哈哈哈哈哈哈。。。。"}
duration:346

2018-01-25 09:58:08.318 [I/O dispatcher 1] WARN  c.e.f.flood.AsyncRestTemplateFlood$SCallback:	

2018-01-25 09:58:38.054 [main] WARN  o.h.v.m.ParameterMessageInterpolator:	HV000184: ParameterMessageInterpolator has been chosen, EL interpolation will not be supported
2018-01-25 09:58:38.572 [main] WARN  o.h.v.m.ParameterMessageInterpolator:	HV000184: ParameterMessageInterpolator has been chosen, EL interpolation will not be supported
2018-01-25 09:58:39.162 [I/O dispatcher 1] WARN  c.e.f.flood.AsyncRestTemplateFlood$SCallback:	
url:http://dg.duoshoujie.cn/fopai/submit.asp
params:{"fname":"张三","ftel":13049682450,"faddress":"广东省广州市天河区中山一路338号","fchanpin":"天然白玛瑙       本命佛398.0元","remark":"哈哈哈哈哈哈。。。。"}
proxy:123.207.25.143,3128,HTTPS,null,null
duration:236

2018-01-25 09:58:39.163 [I/O dispatcher 1] WARN  c.e.f.flood.AsyncRestTemplateFlood$SCallback:	

2018-01-25 09:58:57.842 [main] WARN  o.h.v.m.ParameterMessageInterpolator:	HV000184: ParameterMessageInterpolator has been chosen, EL interpolation will not be supported
2018-01-25 09:58:58.340 [main] WARN  o.h.v.m.ParameterMessageInterpolator:	HV000184: ParameterMessageInterpolator has been chosen, EL interpolation will not be supported
2018-01-25 09:58:59.055 [I/O dispatcher 1] WARN  c.e.f.flood.AsyncRestTemplateFlood$SCallback:	
url:http://dg.duoshoujie.cn/fopai/submit.asp
params:{"fname":"张三","ftel":13049682450,"faddress":"广东省广州市天河区中山一路338号","fchanpin":"天然白玛瑙       本命佛398.0元","remark":"哈哈哈哈哈哈。。。。"}
duration:364

2018-01-25 09:58:59.055 [I/O dispatcher 1] WARN  c.e.f.flood.AsyncRestTemplateFlood$SCallback:	

2018-01-25 09:59:06.209 [main] WARN  o.h.v.m.ParameterMessageInterpolator:	HV000184: ParameterMessageInterpolator has been chosen, EL interpolation will not be supported
2018-01-25 09:59:06.725 [main] WARN  o.h.v.m.ParameterMessageInterpolator:	HV000184: ParameterMessageInterpolator has been chosen, EL interpolation will not be supported
2018-01-25 09:59:07.447 [I/O dispatcher 1] WARN  c.e.f.flood.AsyncRestTemplateFlood$SCallback:	
url:http://dg.duoshoujie.cn/fopai/submit.asp
params:{"fname":"张三","ftel":13049682450,"faddress":"广东省广州市天河区中山一路338号","fchanpin":"天然白玛瑙       本命佛398.0元","remark":"哈哈哈哈哈哈。。。。"}
proxy:139.199.230.242,1080,SOCKS5,null,null
duration:381

2018-01-25 09:59:07.447 [I/O dispatcher 1] WARN  c.e.f.flood.AsyncRestTemplateFlood$SCallback:	

2018-01-25 09:59:29.485 [main] WARN  o.h.v.m.ParameterMessageInterpolator:	HV000184: ParameterMessageInterpolator has been chosen, EL interpolation will not be supported
2018-01-25 09:59:30.008 [main] WARN  o.h.v.m.ParameterMessageInterpolator:	HV000184: ParameterMessageInterpolator has been chosen, EL interpolation will not be supported
2018-01-25 09:59:30.693 [I/O dispatcher 1] WARN  c.e.f.flood.AsyncRestTemplateFlood$SCallback:	
url:http://dg.duoshoujie.cn/fopai/submit.asp
params:{"fname":"张三","ftel":13049682450,"faddress":"广东省广州市天河区中山一路338号","fchanpin":"天然白玛瑙       本命佛398.0元","remark":"哈哈哈哈哈哈。。。。"}
proxy:139.199.230.242,1080,SOCKS5,null,null
duration:348

2018-01-25 09:59:30.693 [I/O dispatcher 1] WARN  c.e.f.flood.AsyncRestTemplateFlood$SCallback:	

2018-01-25 09:59:45.478 [main] WARN  o.h.v.m.ParameterMessageInterpolator:	HV000184: ParameterMessageInterpolator has been chosen, EL interpolation will not be supported
2018-01-25 09:59:45.986 [main] WARN  o.h.v.m.ParameterMessageInterpolator:	HV000184: ParameterMessageInterpolator has been chosen, EL interpolation will not be supported
2018-01-25 09:59:46.669 [I/O dispatcher 1] WARN  c.e.f.flood.AsyncRestTemplateFlood$SCallback:	
url:http://dg.duoshoujie.cn/fopai/submit.asp
params:{"fname":"张三","ftel":13049682450,"faddress":"广东省广州市天河区中山一路338号","fchanpin":"天然白玛瑙       本命佛398.0元","remark":"哈哈哈哈哈哈。。。。"}
proxy:139.199.230.242,1080,SOCKS5,null,null
duration:338

2018-01-25 09:59:46.669 [I/O dispatcher 1] WARN  c.e.f.flood.AsyncRestTemplateFlood$SCallback:	

2018-01-25 10:00:33.350 [main] WARN  o.h.v.m.ParameterMessageInterpolator:	HV000184: ParameterMessageInterpolator has been chosen, EL interpolation will not be supported
2018-01-25 10:00:33.858 [main] WARN  o.h.v.m.ParameterMessageInterpolator:	HV000184: ParameterMessageInterpolator has been chosen, EL interpolation will not be supported
2018-01-25 10:00:34.490 [I/O dispatcher 1] WARN  c.e.f.flood.AsyncRestTemplateFlood$SCallback:	
url:http://dg.duoshoujie.cn/fopai/submit.asp
params:{"fname":"张三","ftel":13049682450,"faddress":"广东省广州市天河区中山一路338号","fchanpin":"天然白玛瑙       本命佛398.0元","remark":"哈哈哈哈哈哈。。。。"}
proxy:139.196.122.166,1080,SOCKS5,null,null
duration:344

2018-01-25 10:00:34.490 [I/O dispatcher 1] WARN  c.e.f.flood.AsyncRestTemplateFlood$SCallback:	

2018-01-25 10:06:02.223 [main] WARN  o.h.v.m.ParameterMessageInterpolator:	HV000184: ParameterMessageInterpolator has been chosen, EL interpolation will not be supported
2018-01-25 10:06:02.758 [main] WARN  o.h.v.m.ParameterMessageInterpolator:	HV000184: ParameterMessageInterpolator has been chosen, EL interpolation will not be supported
2018-01-25 10:06:03.321 [main] WARN  com.ec.formflood.flood.URLFlood:	
url:http://dg.duoshoujie.cn/fopai/submit.asp
params:[fname=张三, ftel=13049682450, faddress=广东省广州市天河区中山一路338号, fchanpin=天然白玛瑙       本命佛398.0元, remark=哈哈哈哈哈哈。。。。]
status:200
msg:OK

2018-01-25 10:06:03.321 [main] WARN  com.ec.formflood.flood.URLFlood:	

2018-01-25 10:06:11.415 [main] WARN  o.h.v.m.ParameterMessageInterpolator:	HV000184: ParameterMessageInterpolator has been chosen, EL interpolation will not be supported
2018-01-25 10:06:11.987 [main] WARN  o.h.v.m.ParameterMessageInterpolator:	HV000184: ParameterMessageInterpolator has been chosen, EL interpolation will not be supported
2018-01-25 10:12:12.930 [main] WARN  o.h.v.m.ParameterMessageInterpolator:	HV000184: ParameterMessageInterpolator has been chosen, EL interpolation will not be supported
2018-01-25 10:12:13.456 [main] WARN  o.h.v.m.ParameterMessageInterpolator:	HV000184: ParameterMessageInterpolator has been chosen, EL interpolation will not be supported
2018-01-25 10:37:46.188 [main] WARN  o.h.v.m.ParameterMessageInterpolator:	HV000184: ParameterMessageInterpolator has been chosen, EL interpolation will not be supported
2018-01-25 10:37:46.690 [main] WARN  o.h.v.m.ParameterMessageInterpolator:	HV000184: ParameterMessageInterpolator has been chosen, EL interpolation will not be supported
2018-01-25 10:38:02.642 [main] WARN  o.h.v.m.ParameterMessageInterpolator:	HV000184: ParameterMessageInterpolator has been chosen, EL interpolation will not be supported
2018-01-25 10:38:03.131 [main] WARN  o.h.v.m.ParameterMessageInterpolator:	HV000184: ParameterMessageInterpolator has been chosen, EL interpolation will not be supported
2018-01-25 10:38:28.474 [main] WARN  o.h.v.m.ParameterMessageInterpolator:	HV000184: ParameterMessageInterpolator has been chosen, EL interpolation will not be supported
2018-01-25 10:38:29.000 [main] WARN  o.h.v.m.ParameterMessageInterpolator:	HV000184: ParameterMessageInterpolator has been chosen, EL interpolation will not be supported
2018-01-25 10:39:01.730 [main] WARN  o.h.v.m.ParameterMessageInterpolator:	HV000184: ParameterMessageInterpolator has been chosen, EL interpolation will not be supported
2018-01-25 10:39:02.245 [main] WARN  o.h.v.m.ParameterMessageInterpolator:	HV000184: ParameterMessageInterpolator has been chosen, EL interpolation will not be supported
2018-01-25 10:39:23.032 [main] WARN  o.h.v.m.ParameterMessageInterpolator:	HV000184: ParameterMessageInterpolator has been chosen, EL interpolation will not be supported
2018-01-25 10:39:23.540 [main] WARN  o.h.v.m.ParameterMessageInterpolator:	HV000184: ParameterMessageInterpolator has been chosen, EL interpolation will not be supported
2018-01-25 10:39:24.733 [main] WARN  com.ec.formflood.flood.URLFlood:	
url:http://dg.duoshoujie.cn/fopai/submit.asp
params:[fname=张三, ftel=13049682450, faddress=广东省广州市天河区中山一路338号, fchanpin=天然白玛瑙       本命佛398.0元, remark=哈哈哈哈哈哈。。。。]
status:200
msg:OK
proxy:123.207.25.143,3128,HTTP,null,null

2018-01-25 10:39:24.734 [main] WARN  com.ec.formflood.flood.URLFlood:	

2018-01-25 10:39:39.060 [main] WARN  o.h.v.m.ParameterMessageInterpolator:	HV000184: ParameterMessageInterpolator has been chosen, EL interpolation will not be supported
2018-01-25 10:39:39.594 [main] WARN  o.h.v.m.ParameterMessageInterpolator:	HV000184: ParameterMessageInterpolator has been chosen, EL interpolation will not be supported
2018-01-25 10:45:59.033 [main] WARN  o.h.v.m.ParameterMessageInterpolator:	HV000184: ParameterMessageInterpolator has been chosen, EL interpolation will not be supported
2018-01-25 10:45:59.442 [main] WARN  o.s.c.a.AnnotationConfigApplicationContext:	Exception encountered during context initialization - cancelling refresh attempt: org.springframework.beans.factory.BeanCreationException: Error creating bean with name 'dgDuoshoujieCN_SOC' defined in file [D:\MyPT\ecsharp\clijava\formflood\target\classes\com\ec\formflood\flood\DgDuoshoujieCN\DgDuoshoujieCN_SOC.class]: Invocation of init method failed; nested exception is java.net.UnknownHostException: http://dg.duoshoujie.cn/fopai/submit.asp
2018-01-25 10:45:59.767 [main] WARN  o.h.v.m.ParameterMessageInterpolator:	HV000184: ParameterMessageInterpolator has been chosen, EL interpolation will not be supported
2018-01-25 10:45:59.866 [main] WARN  o.s.c.a.AnnotationConfigApplicationContext:	Exception encountered during context initialization - cancelling refresh attempt: org.springframework.beans.factory.BeanCreationException: Error creating bean with name 'dgDuoshoujieCN_SOC' defined in file [D:\MyPT\ecsharp\clijava\formflood\target\classes\com\ec\formflood\flood\DgDuoshoujieCN\DgDuoshoujieCN_SOC.class]: Invocation of init method failed; nested exception is java.net.UnknownHostException: http://dg.duoshoujie.cn/fopai/submit.asp
2018-01-25 10:46:24.247 [main] WARN  o.h.v.m.ParameterMessageInterpolator:	HV000184: ParameterMessageInterpolator has been chosen, EL interpolation will not be supported
2018-01-25 10:46:25.512 [main] WARN  o.h.v.m.ParameterMessageInterpolator:	HV000184: ParameterMessageInterpolator has been chosen, EL interpolation will not be supported
2018-01-25 10:52:44.630 [main] WARN  o.h.v.m.ParameterMessageInterpolator:	HV000184: ParameterMessageInterpolator has been chosen, EL interpolation will not be supported
2018-01-25 10:52:45.285 [main] WARN  o.h.v.m.ParameterMessageInterpolator:	HV000184: ParameterMessageInterpolator has been chosen, EL interpolation will not be supported
2018-01-25 10:53:09.848 [main] WARN  o.h.v.m.ParameterMessageInterpolator:	HV000184: ParameterMessageInterpolator has been chosen, EL interpolation will not be supported
2018-01-25 10:53:10.397 [main] WARN  o.h.v.m.ParameterMessageInterpolator:	HV000184: ParameterMessageInterpolator has been chosen, EL interpolation will not be supported
2018-01-25 10:53:27.081 [main] WARN  o.h.v.m.ParameterMessageInterpolator:	HV000184: ParameterMessageInterpolator has been chosen, EL interpolation will not be supported
2018-01-25 10:53:27.673 [main] WARN  o.h.v.m.ParameterMessageInterpolator:	HV000184: ParameterMessageInterpolator has been chosen, EL interpolation will not be supported
2018-01-25 10:54:38.982 [main] WARN  o.h.v.m.ParameterMessageInterpolator:	HV000184: ParameterMessageInterpolator has been chosen, EL interpolation will not be supported
2018-01-25 10:54:39.500 [main] WARN  o.h.v.m.ParameterMessageInterpolator:	HV000184: ParameterMessageInterpolator has been chosen, EL interpolation will not be supported
2018-01-25 10:56:58.581 [main] WARN  o.h.v.m.ParameterMessageInterpolator:	HV000184: ParameterMessageInterpolator has been chosen, EL interpolation will not be supported
2018-01-25 10:56:59.141 [main] WARN  o.h.v.m.ParameterMessageInterpolator:	HV000184: ParameterMessageInterpolator has been chosen, EL interpolation will not be supported
2018-01-25 10:57:58.622 [main] WARN  o.h.v.m.ParameterMessageInterpolator:	HV000184: ParameterMessageInterpolator has been chosen, EL interpolation will not be supported
2018-01-25 10:57:59.160 [main] WARN  o.h.v.m.ParameterMessageInterpolator:	HV000184: ParameterMessageInterpolator has been chosen, EL interpolation will not be supported
2018-01-25 11:00:04.311 [main] WARN  o.h.v.m.ParameterMessageInterpolator:	HV000184: ParameterMessageInterpolator has been chosen, EL interpolation will not be supported
2018-01-25 11:00:04.834 [main] WARN  o.h.v.m.ParameterMessageInterpolator:	HV000184: ParameterMessageInterpolator has been chosen, EL interpolation will not be supported
2018-01-25 11:00:34.737 [main] WARN  o.h.v.m.ParameterMessageInterpolator:	HV000184: ParameterMessageInterpolator has been chosen, EL interpolation will not be supported
2018-01-25 11:00:35.315 [main] WARN  o.h.v.m.ParameterMessageInterpolator:	HV000184: ParameterMessageInterpolator has been chosen, EL interpolation will not be supported
2018-01-25 11:03:27.763 [main] WARN  o.h.v.m.ParameterMessageInterpolator:	HV000184: ParameterMessageInterpolator has been chosen, EL interpolation will not be supported
2018-01-25 11:03:28.343 [main] WARN  o.s.c.a.AnnotationConfigApplicationContext:	Exception encountered during context initialization - cancelling refresh attempt: org.springframework.beans.factory.BeanCreationException: Error creating bean with name 'dgDuoshoujieCN_SOC' defined in file [D:\MyPT\ecsharp\clijava\formflood\target\classes\com\ec\formflood\flood\DgDuoshoujieCN\DgDuoshoujieCN_SOC.class]: Invocation of init method failed; nested exception is java.lang.IllegalArgumentException: port out of range:-1
2018-01-25 11:03:28.706 [main] WARN  o.h.v.m.ParameterMessageInterpolator:	HV000184: ParameterMessageInterpolator has been chosen, EL interpolation will not be supported
2018-01-25 11:03:28.777 [main] WARN  o.s.c.a.AnnotationConfigApplicationContext:	Exception encountered during context initialization - cancelling refresh attempt: org.springframework.beans.factory.BeanCreationException: Error creating bean with name 'dgDuoshoujieCN_SOC' defined in file [D:\MyPT\ecsharp\clijava\formflood\target\classes\com\ec\formflood\flood\DgDuoshoujieCN\DgDuoshoujieCN_SOC.class]: Invocation of init method failed; nested exception is java.lang.IllegalArgumentException: port out of range:-1
2018-01-25 11:03:48.927 [main] WARN  o.h.v.m.ParameterMessageInterpolator:	HV000184: ParameterMessageInterpolator has been chosen, EL interpolation will not be supported
2018-01-25 11:03:49.377 [main] WARN  o.s.c.a.AnnotationConfigApplicationContext:	Exception encountered during context initialization - cancelling refresh attempt: org.springframework.beans.factory.BeanCreationException: Error creating bean with name 'dgDuoshoujieCN_SOC' defined in file [D:\MyPT\ecsharp\clijava\formflood\target\classes\com\ec\formflood\flood\DgDuoshoujieCN\DgDuoshoujieCN_SOC.class]: Invocation of init method failed; nested exception is java.lang.IllegalArgumentException: port out of range:-1
2018-01-25 11:03:49.707 [main] WARN  o.h.v.m.ParameterMessageInterpolator:	HV000184: ParameterMessageInterpolator has been chosen, EL interpolation will not be supported
2018-01-25 11:03:49.815 [main] WARN  o.s.c.a.AnnotationConfigApplicationContext:	Exception encountered during context initialization - cancelling refresh attempt: org.springframework.beans.factory.BeanCreationException: Error creating bean with name 'dgDuoshoujieCN_SOC' defined in file [D:\MyPT\ecsharp\clijava\formflood\target\classes\com\ec\formflood\flood\DgDuoshoujieCN\DgDuoshoujieCN_SOC.class]: Invocation of init method failed; nested exception is java.lang.IllegalArgumentException: port out of range:-1
2018-01-25 11:04:20.985 [main] WARN  o.h.v.m.ParameterMessageInterpolator:	HV000184: ParameterMessageInterpolator has been chosen, EL interpolation will not be supported
2018-01-25 11:04:42.409 [main] WARN  o.s.c.a.AnnotationConfigApplicationContext:	Exception encountered during context initialization - cancelling refresh attempt: org.springframework.beans.factory.BeanCreationException: Error creating bean with name 'dgDuoshoujieCN_SOC' defined in file [D:\MyPT\ecsharp\clijava\formflood\target\classes\com\ec\formflood\flood\DgDuoshoujieCN\DgDuoshoujieCN_SOC.class]: Invocation of init method failed; nested exception is java.net.ConnectException: Connection timed out: connect
2018-01-25 11:04:42.715 [main] WARN  o.h.v.m.ParameterMessageInterpolator:	HV000184: ParameterMessageInterpolator has been chosen, EL interpolation will not be supported
2018-01-25 11:05:03.791 [main] WARN  o.s.c.a.AnnotationConfigApplicationContext:	Exception encountered during context initialization - cancelling refresh attempt: org.springframework.beans.factory.BeanCreationException: Error creating bean with name 'dgDuoshoujieCN_SOC' defined in file [D:\MyPT\ecsharp\clijava\formflood\target\classes\com\ec\formflood\flood\DgDuoshoujieCN\DgDuoshoujieCN_SOC.class]: Invocation of init method failed; nested exception is java.net.ConnectException: Connection timed out: connect
2018-01-25 11:32:21.562 [main] WARN  o.h.v.m.ParameterMessageInterpolator:	HV000184: ParameterMessageInterpolator has been chosen, EL interpolation will not be supported
2018-01-25 11:32:43.015 [main] WARN  o.s.c.a.AnnotationConfigApplicationContext:	Exception encountered during context initialization - cancelling refresh attempt: org.springframework.beans.factory.BeanCreationException: Error creating bean with name 'dgDuoshoujieCN_SOC' defined in file [D:\MyPT\ecsharp\clijava\formflood\target\classes\com\ec\formflood\flood\DgDuoshoujieCN\DgDuoshoujieCN_SOC.class]: Invocation of init method failed; nested exception is java.net.ConnectException: Connection timed out: connect
2018-01-25 11:32:43.277 [main] WARN  o.h.v.m.ParameterMessageInterpolator:	HV000184: ParameterMessageInterpolator has been chosen, EL interpolation will not be supported
2018-01-25 11:33:19.448 [main] WARN  o.h.v.m.ParameterMessageInterpolator:	HV000184: ParameterMessageInterpolator has been chosen, EL interpolation will not be supported
2018-01-25 11:33:40.883 [main] WARN  o.s.c.a.AnnotationConfigApplicationContext:	Exception encountered during context initialization - cancelling refresh attempt: org.springframework.beans.factory.BeanCreationException: Error creating bean with name 'dgDuoshoujieCN_SOC' defined in file [D:\MyPT\ecsharp\clijava\formflood\target\classes\com\ec\formflood\flood\DgDuoshoujieCN\DgDuoshoujieCN_SOC.class]: Invocation of init method failed; nested exception is java.net.ConnectException: Connection timed out: connect
2018-01-25 11:33:41.156 [main] WARN  o.h.v.m.ParameterMessageInterpolator:	HV000184: ParameterMessageInterpolator has been chosen, EL interpolation will not be supported
2018-01-25 11:34:02.221 [main] WARN  o.s.c.a.AnnotationConfigApplicationContext:	Exception encountered during context initialization - cancelling refresh attempt: org.springframework.beans.factory.BeanCreationException: Error creating bean with name 'dgDuoshoujieCN_SOC' defined in file [D:\MyPT\ecsharp\clijava\formflood\target\classes\com\ec\formflood\flood\DgDuoshoujieCN\DgDuoshoujieCN_SOC.class]: Invocation of init method failed; nested exception is java.net.ConnectException: Connection timed out: connect
2018-01-25 11:35:06.871 [main] WARN  o.h.v.m.ParameterMessageInterpolator:	HV000184: ParameterMessageInterpolator has been chosen, EL interpolation will not be supported
2018-01-25 11:35:07.360 [main] WARN  o.h.v.m.ParameterMessageInterpolator:	HV000184: ParameterMessageInterpolator has been chosen, EL interpolation will not be supported
2018-01-25 11:36:51.598 [main] WARN  o.h.v.m.ParameterMessageInterpolator:	HV000184: ParameterMessageInterpolator has been chosen, EL interpolation will not be supported
2018-01-25 11:37:13.018 [main] WARN  o.s.c.a.AnnotationConfigApplicationContext:	Exception encountered during context initialization - cancelling refresh attempt: org.springframework.beans.factory.BeanCreationException: Error creating bean with name 'dgDuoshoujieCN_SOC' defined in file [D:\MyPT\ecsharp\clijava\formflood\target\classes\com\ec\formflood\flood\DgDuoshoujieCN\DgDuoshoujieCN_SOC.class]: Invocation of init method failed; nested exception is java.net.ConnectException: Connection timed out: connect
2018-01-25 11:37:13.292 [main] WARN  o.h.v.m.ParameterMessageInterpolator:	HV000184: ParameterMessageInterpolator has been chosen, EL interpolation will not be supported
2018-01-25 11:37:34.339 [main] WARN  o.s.c.a.AnnotationConfigApplicationContext:	Exception encountered during context initialization - cancelling refresh attempt: org.springframework.beans.factory.BeanCreationException: Error creating bean with name 'dgDuoshoujieCN_SOC' defined in file [D:\MyPT\ecsharp\clijava\formflood\target\classes\com\ec\formflood\flood\DgDuoshoujieCN\DgDuoshoujieCN_SOC.class]: Invocation of init method failed; nested exception is java.net.ConnectException: Connection timed out: connect
2018-01-25 13:26:33.227 [main] WARN  o.h.v.m.ParameterMessageInterpolator:	HV000184: ParameterMessageInterpolator has been chosen, EL interpolation will not be supported
2018-01-25 13:26:33.869 [main] WARN  o.h.v.m.ParameterMessageInterpolator:	HV000184: ParameterMessageInterpolator has been chosen, EL interpolation will not be supported
2018-01-25 13:27:01.378 [main] WARN  o.h.v.m.ParameterMessageInterpolator:	HV000184: ParameterMessageInterpolator has been chosen, EL interpolation will not be supported
2018-01-25 13:27:02.038 [main] WARN  o.h.v.m.ParameterMessageInterpolator:	HV000184: ParameterMessageInterpolator has been chosen, EL interpolation will not be supported
2018-01-25 13:27:03.243 [main] WARN  com.ec.formflood.flood.URLFlood:	
url:http://dg.duoshoujie.cn/fopai/submit.asp
params:[fname=张三, ftel=13049682450, faddress=广东省广州市天河区中山一路338号, fchanpin=天然白玛瑙       本命佛398.0元, remark=哈哈哈哈哈哈。。。。]
status:200
msg:OK
proxy:123.207.25.143,3128,HTTP,null,null

2018-01-25 13:27:03.243 [main] WARN  com.ec.formflood.flood.URLFlood:	

2018-01-25 13:30:46.778 [main] WARN  o.h.v.m.ParameterMessageInterpolator:	HV000184: ParameterMessageInterpolator has been chosen, EL interpolation will not be supported
2018-01-25 13:30:47.272 [main] WARN  o.h.v.m.ParameterMessageInterpolator:	HV000184: ParameterMessageInterpolator has been chosen, EL interpolation will not be supported
2018-01-25 13:31:59.638 [main] WARN  o.h.v.m.ParameterMessageInterpolator:	HV000184: ParameterMessageInterpolator has been chosen, EL interpolation will not be supported
2018-01-25 13:32:00.116 [main] WARN  o.h.v.m.ParameterMessageInterpolator:	HV000184: ParameterMessageInterpolator has been chosen, EL interpolation will not be supported
2018-01-25 13:33:50.070 [main] WARN  o.h.v.m.ParameterMessageInterpolator:	HV000184: ParameterMessageInterpolator has been chosen, EL interpolation will not be supported
2018-01-25 13:33:50.562 [main] WARN  o.h.v.m.ParameterMessageInterpolator:	HV000184: ParameterMessageInterpolator has been chosen, EL interpolation will not be supported
2018-01-25 13:34:39.937 [main] WARN  o.h.v.m.ParameterMessageInterpolator:	HV000184: ParameterMessageInterpolator has been chosen, EL interpolation will not be supported
2018-01-25 13:34:40.422 [main] WARN  o.h.v.m.ParameterMessageInterpolator:	HV000184: ParameterMessageInterpolator has been chosen, EL interpolation will not be supported
2018-01-25 13:35:19.515 [main] WARN  o.h.v.m.ParameterMessageInterpolator:	HV000184: ParameterMessageInterpolator has been chosen, EL interpolation will not be supported
2018-01-25 13:35:20.004 [main] WARN  o.h.v.m.ParameterMessageInterpolator:	HV000184: ParameterMessageInterpolator has been chosen, EL interpolation will not be supported
2018-01-25 13:35:20.641 [I/O dispatcher 1] WARN  c.e.f.flood.AsyncRestTemplateFlood$SCallback:	
url:http://dg.duoshoujie.cn/fopai/submit.asp
params:{"fname":"张三","ftel":13049682450,"faddress":"广东省广州市天河区中山一路338号","fchanpin":"天然白玛瑙       本命佛398.0元","remark":"哈哈哈哈哈哈。。。。"}
duration:353

2018-01-25 13:35:20.641 [I/O dispatcher 1] WARN  c.e.f.flood.AsyncRestTemplateFlood$SCallback:	

2018-01-25 13:37:48.971 [main] WARN  o.h.v.m.ParameterMessageInterpolator:	HV000184: ParameterMessageInterpolator has been chosen, EL interpolation will not be supported
2018-01-25 13:37:49.599 [main] WARN  o.h.v.m.ParameterMessageInterpolator:	HV000184: ParameterMessageInterpolator has been chosen, EL interpolation will not be supported
2018-01-25 13:38:26.413 [main] WARN  o.h.v.m.ParameterMessageInterpolator:	HV000184: ParameterMessageInterpolator has been chosen, EL interpolation will not be supported
2018-01-25 13:38:26.914 [main] WARN  o.h.v.m.ParameterMessageInterpolator:	HV000184: ParameterMessageInterpolator has been chosen, EL interpolation will not be supported
2018-01-25 13:40:27.553 [main] WARN  o.h.v.m.ParameterMessageInterpolator:	HV000184: ParameterMessageInterpolator has been chosen, EL interpolation will not be supported
2018-01-25 13:40:28.065 [main] WARN  o.h.v.m.ParameterMessageInterpolator:	HV000184: ParameterMessageInterpolator has been chosen, EL interpolation will not be supported
2018-01-25 13:41:40.793 [main] WARN  o.h.v.m.ParameterMessageInterpolator:	HV000184: ParameterMessageInterpolator has been chosen, EL interpolation will not be supported
2018-01-25 13:41:41.484 [main] WARN  o.h.v.m.ParameterMessageInterpolator:	HV000184: ParameterMessageInterpolator has been chosen, EL interpolation will not be supported
2018-01-25 13:41:42.086 [I/O dispatcher 1] WARN  c.e.f.flood.AsyncRestTemplateFlood$SCallback:	
url:http://dg.duoshoujie.cn/fopai/submit.asp
params:{"fname":"张三","ftel":13049682450,"faddress":"广东省广州市天河区中山一路338号","fchanpin":"天然白玛瑙       本命佛398.0元","remark":"哈哈哈哈哈哈。。。。"}
duration:334

2018-01-25 13:41:42.086 [I/O dispatcher 1] WARN  c.e.f.flood.AsyncRestTemplateFlood$SCallback:	

2018-01-25 13:43:44.505 [main] WARN  o.h.v.m.ParameterMessageInterpolator:	HV000184: ParameterMessageInterpolator has been chosen, EL interpolation will not be supported
2018-01-25 13:43:45.064 [main] WARN  o.h.v.m.ParameterMessageInterpolator:	HV000184: ParameterMessageInterpolator has been chosen, EL interpolation will not be supported
2018-01-25 13:45:22.985 [main] WARN  o.h.v.m.ParameterMessageInterpolator:	HV000184: ParameterMessageInterpolator has been chosen, EL interpolation will not be supported
2018-01-25 13:45:23.510 [main] WARN  o.h.v.m.ParameterMessageInterpolator:	HV000184: ParameterMessageInterpolator has been chosen, EL interpolation will not be supported
2018-01-25 13:49:56.000 [main] WARN  o.h.v.m.ParameterMessageInterpolator:	HV000184: ParameterMessageInterpolator has been chosen, EL interpolation will not be supported
2018-01-25 13:49:57.535 [main] WARN  o.h.v.m.ParameterMessageInterpolator:	HV000184: ParameterMessageInterpolator has been chosen, EL interpolation will not be supported
2018-01-25 13:51:53.673 [main] WARN  o.h.v.m.ParameterMessageInterpolator:	HV000184: ParameterMessageInterpolator has been chosen, EL interpolation will not be supported
2018-01-25 13:51:54.182 [main] WARN  o.h.v.m.ParameterMessageInterpolator:	HV000184: ParameterMessageInterpolator has been chosen, EL interpolation will not be supported
2018-01-25 13:54:19.538 [main] WARN  o.h.v.m.ParameterMessageInterpolator:	HV000184: ParameterMessageInterpolator has been chosen, EL interpolation will not be supported
2018-01-25 13:54:20.040 [main] WARN  o.h.v.m.ParameterMessageInterpolator:	HV000184: ParameterMessageInterpolator has been chosen, EL interpolation will not be supported
2018-01-25 13:54:51.564 [main] WARN  o.h.v.m.ParameterMessageInterpolator:	HV000184: ParameterMessageInterpolator has been chosen, EL interpolation will not be supported
2018-01-25 13:54:52.070 [main] WARN  o.h.v.m.ParameterMessageInterpolator:	HV000184: ParameterMessageInterpolator has been chosen, EL interpolation will not be supported
2018-01-25 13:55:40.495 [main] WARN  o.h.v.m.ParameterMessageInterpolator:	HV000184: ParameterMessageInterpolator has been chosen, EL interpolation will not be supported
2018-01-25 13:55:40.998 [main] WARN  o.h.v.m.ParameterMessageInterpolator:	HV000184: ParameterMessageInterpolator has been chosen, EL interpolation will not be supported
2018-01-25 13:57:21.980 [main] WARN  o.h.v.m.ParameterMessageInterpolator:	HV000184: ParameterMessageInterpolator has been chosen, EL interpolation will not be supported
2018-01-25 13:57:22.522 [main] WARN  o.h.v.m.ParameterMessageInterpolator:	HV000184: ParameterMessageInterpolator has been chosen, EL interpolation will not be supported
2018-01-25 13:59:05.569 [main] WARN  o.h.v.m.ParameterMessageInterpolator:	HV000184: ParameterMessageInterpolator has been chosen, EL interpolation will not be supported
2018-01-25 13:59:06.185 [main] WARN  o.h.v.m.ParameterMessageInterpolator:	HV000184: ParameterMessageInterpolator has been chosen, EL interpolation will not be supported
2018-01-25 13:59:31.084 [main] WARN  o.h.v.m.ParameterMessageInterpolator:	HV000184: ParameterMessageInterpolator has been chosen, EL interpolation will not be supported
2018-01-25 13:59:31.597 [main] WARN  o.h.v.m.ParameterMessageInterpolator:	HV000184: ParameterMessageInterpolator has been chosen, EL interpolation will not be supported
2018-01-25 14:04:51.663 [main] WARN  o.h.v.m.ParameterMessageInterpolator:	HV000184: ParameterMessageInterpolator has been chosen, EL interpolation will not be supported
2018-01-25 14:04:52.258 [main] WARN  o.h.v.m.ParameterMessageInterpolator:	HV000184: ParameterMessageInterpolator has been chosen, EL interpolation will not be supported
2018-01-25 14:07:29.912 [main] WARN  o.h.v.m.ParameterMessageInterpolator:	HV000184: ParameterMessageInterpolator has been chosen, EL interpolation will not be supported
2018-01-25 14:07:30.434 [main] WARN  o.h.v.m.ParameterMessageInterpolator:	HV000184: ParameterMessageInterpolator has been chosen, EL interpolation will not be supported
2018-01-25 14:07:51.528 [main] WARN  o.h.v.m.ParameterMessageInterpolator:	HV000184: ParameterMessageInterpolator has been chosen, EL interpolation will not be supported
2018-01-25 14:07:52.039 [main] WARN  o.h.v.m.ParameterMessageInterpolator:	HV000184: ParameterMessageInterpolator has been chosen, EL interpolation will not be supported
2018-01-25 14:07:52.597 [main] WARN  com.ec.formflood.flood.URLFlood:	
url:http://dg.duoshoujie.cn/fopai/submit.asp
params:[fname=张三, ftel=13049682450, faddress=广东省广州市天河区中山一路338号, fchanpin=天然白玛瑙       本命佛398.0元, remark=哈哈哈哈哈哈。。。。]
status:200
msg:OK

2018-01-25 14:07:52.597 [main] WARN  com.ec.formflood.flood.URLFlood:	

2018-01-25 14:08:17.015 [main] WARN  o.h.v.m.ParameterMessageInterpolator:	HV000184: ParameterMessageInterpolator has been chosen, EL interpolation will not be supported
2018-01-25 14:08:17.546 [main] WARN  o.h.v.m.ParameterMessageInterpolator:	HV000184: ParameterMessageInterpolator has been chosen, EL interpolation will not be supported
2018-01-25 14:08:42.395 [main] WARN  o.h.v.m.ParameterMessageInterpolator:	HV000184: ParameterMessageInterpolator has been chosen, EL interpolation will not be supported
2018-01-25 14:08:42.923 [main] WARN  o.h.v.m.ParameterMessageInterpolator:	HV000184: ParameterMessageInterpolator has been chosen, EL interpolation will not be supported
2018-01-25 14:23:26.318 [main] WARN  o.h.v.m.ParameterMessageInterpolator:	HV000184: ParameterMessageInterpolator has been chosen, EL interpolation will not be supported
2018-01-25 14:23:27.001 [main] WARN  o.h.v.m.ParameterMessageInterpolator:	HV000184: ParameterMessageInterpolator has been chosen, EL interpolation will not be supported
2018-01-25 14:25:41.932 [main] WARN  o.h.v.m.ParameterMessageInterpolator:	HV000184: ParameterMessageInterpolator has been chosen, EL interpolation will not be supported
2018-01-25 14:25:42.429 [main] WARN  o.h.v.m.ParameterMessageInterpolator:	HV000184: ParameterMessageInterpolator has been chosen, EL interpolation will not be supported
2018-01-25 14:25:43.117 [I/O dispatcher 1] WARN  c.e.f.flood.AsyncRestTemplateFlood$SCallback:	
url:http://dg.duoshoujie.cn/fopai/submit.asp
params:{"fname":"张三","ftel":13049682450,"faddress":"广东省广州市天河区中山一路338号","fchanpin":"天然白玛瑙       本命佛398.0元","remark":"哈哈哈哈哈哈。。。。"}
duration:368

2018-01-25 14:25:43.117 [I/O dispatcher 1] WARN  c.e.f.flood.AsyncRestTemplateFlood$SCallback:	

2018-01-25 14:27:25.153 [main] WARN  o.h.v.m.ParameterMessageInterpolator:	HV000184: ParameterMessageInterpolator has been chosen, EL interpolation will not be supported
2018-01-25 14:27:25.648 [main] WARN  o.h.v.m.ParameterMessageInterpolator:	HV000184: ParameterMessageInterpolator has been chosen, EL interpolation will not be supported
2018-01-25 14:29:28.061 [main] WARN  o.h.v.m.ParameterMessageInterpolator:	HV000184: ParameterMessageInterpolator has been chosen, EL interpolation will not be supported
2018-01-25 14:29:28.553 [main] WARN  o.h.v.m.ParameterMessageInterpolator:	HV000184: ParameterMessageInterpolator has been chosen, EL interpolation will not be supported
2018-01-25 14:30:04.122 [main] WARN  o.h.v.m.ParameterMessageInterpolator:	HV000184: ParameterMessageInterpolator has been chosen, EL interpolation will not be supported
2018-01-25 14:30:04.647 [main] WARN  o.h.v.m.ParameterMessageInterpolator:	HV000184: ParameterMessageInterpolator has been chosen, EL interpolation will not be supported
2018-01-25 14:47:54.757 [main] WARN  o.h.v.m.ParameterMessageInterpolator:	HV000184: ParameterMessageInterpolator has been chosen, EL interpolation will not be supported
2018-01-25 14:47:55.361 [main] WARN  o.h.v.m.ParameterMessageInterpolator:	HV000184: ParameterMessageInterpolator has been chosen, EL interpolation will not be supported
2018-01-25 14:48:24.127 [main] WARN  o.h.v.m.ParameterMessageInterpolator:	HV000184: ParameterMessageInterpolator has been chosen, EL interpolation will not be supported
2018-01-25 14:48:25.583 [main] WARN  o.h.v.m.ParameterMessageInterpolator:	HV000184: ParameterMessageInterpolator has been chosen, EL interpolation will not be supported
2018-01-25 14:51:08.476 [main] WARN  o.h.v.m.ParameterMessageInterpolator:	HV000184: ParameterMessageInterpolator has been chosen, EL interpolation will not be supported
2018-01-25 14:51:08.958 [main] WARN  o.h.v.m.ParameterMessageInterpolator:	HV000184: ParameterMessageInterpolator has been chosen, EL interpolation will not be supported
2018-01-25 14:51:57.967 [main] WARN  o.h.v.m.ParameterMessageInterpolator:	HV000184: ParameterMessageInterpolator has been chosen, EL interpolation will not be supported
2018-01-25 14:51:58.448 [main] WARN  o.h.v.m.ParameterMessageInterpolator:	HV000184: ParameterMessageInterpolator has been chosen, EL interpolation will not be supported
2018-01-25 14:54:22.291 [main] WARN  o.h.v.m.ParameterMessageInterpolator:	HV000184: ParameterMessageInterpolator has been chosen, EL interpolation will not be supported
2018-01-25 14:54:22.779 [main] WARN  o.h.v.m.ParameterMessageInterpolator:	HV000184: ParameterMessageInterpolator has been chosen, EL interpolation will not be supported
2018-01-25 14:55:11.788 [main] WARN  o.h.v.m.ParameterMessageInterpolator:	HV000184: ParameterMessageInterpolator has been chosen, EL interpolation will not be supported
2018-01-25 14:55:12.290 [main] WARN  o.h.v.m.ParameterMessageInterpolator:	HV000184: ParameterMessageInterpolator has been chosen, EL interpolation will not be supported
2018-01-25 14:56:19.866 [main] WARN  o.h.v.m.ParameterMessageInterpolator:	HV000184: ParameterMessageInterpolator has been chosen, EL interpolation will not be supported
2018-01-25 14:56:20.420 [main] WARN  o.h.v.m.ParameterMessageInterpolator:	HV000184: ParameterMessageInterpolator has been chosen, EL interpolation will not be supported
2018-01-25 14:57:21.298 [main] WARN  o.h.v.m.ParameterMessageInterpolator:	HV000184: ParameterMessageInterpolator has been chosen, EL interpolation will not be supported
2018-01-25 14:57:21.917 [main] WARN  o.h.v.m.ParameterMessageInterpolator:	HV000184: ParameterMessageInterpolator has been chosen, EL interpolation will not be supported
2018-01-25 14:57:51.249 [main] WARN  o.h.v.m.ParameterMessageInterpolator:	HV000184: ParameterMessageInterpolator has been chosen, EL interpolation will not be supported
2018-01-25 14:57:51.764 [main] WARN  o.h.v.m.ParameterMessageInterpolator:	HV000184: ParameterMessageInterpolator has been chosen, EL interpolation will not be supported
2018-01-25 14:58:42.863 [main] WARN  o.h.v.m.ParameterMessageInterpolator:	HV000184: ParameterMessageInterpolator has been chosen, EL interpolation will not be supported
2018-01-25 14:58:43.365 [main] WARN  o.h.v.m.ParameterMessageInterpolator:	HV000184: ParameterMessageInterpolator has been chosen, EL interpolation will not be supported
2018-01-25 14:59:28.377 [main] WARN  o.h.v.m.ParameterMessageInterpolator:	HV000184: ParameterMessageInterpolator has been chosen, EL interpolation will not be supported
2018-01-25 14:59:28.888 [main] WARN  o.h.v.m.ParameterMessageInterpolator:	HV000184: ParameterMessageInterpolator has been chosen, EL interpolation will not be supported
2018-01-25 15:00:01.087 [main] WARN  o.h.v.m.ParameterMessageInterpolator:	HV000184: ParameterMessageInterpolator has been chosen, EL interpolation will not be supported
2018-01-25 15:00:01.584 [main] WARN  o.h.v.m.ParameterMessageInterpolator:	HV000184: ParameterMessageInterpolator has been chosen, EL interpolation will not be supported
2018-01-25 15:01:09.325 [main] WARN  o.h.v.m.ParameterMessageInterpolator:	HV000184: ParameterMessageInterpolator has been chosen, EL interpolation will not be supported
2018-01-25 15:01:10.004 [main] WARN  o.h.v.m.ParameterMessageInterpolator:	HV000184: ParameterMessageInterpolator has been chosen, EL interpolation will not be supported
2018-01-25 15:03:44.590 [main] WARN  o.h.v.m.ParameterMessageInterpolator:	HV000184: ParameterMessageInterpolator has been chosen, EL interpolation will not be supported
2018-01-25 15:03:45.096 [main] WARN  o.h.v.m.ParameterMessageInterpolator:	HV000184: ParameterMessageInterpolator has been chosen, EL interpolation will not be supported
2018-01-25 15:04:52.561 [main] WARN  o.h.v.m.ParameterMessageInterpolator:	HV000184: ParameterMessageInterpolator has been chosen, EL interpolation will not be supported
2018-01-25 15:04:53.068 [main] WARN  o.h.v.m.ParameterMessageInterpolator:	HV000184: ParameterMessageInterpolator has been chosen, EL interpolation will not be supported
2018-01-25 15:08:19.534 [main] WARN  o.h.v.m.ParameterMessageInterpolator:	HV000184: ParameterMessageInterpolator has been chosen, EL interpolation will not be supported
2018-01-25 15:08:20.026 [main] WARN  o.h.v.m.ParameterMessageInterpolator:	HV000184: ParameterMessageInterpolator has been chosen, EL interpolation will not be supported
2018-01-25 15:08:54.100 [main] WARN  o.h.v.m.ParameterMessageInterpolator:	HV000184: ParameterMessageInterpolator has been chosen, EL interpolation will not be supported
2018-01-25 15:08:54.612 [main] WARN  o.h.v.m.ParameterMessageInterpolator:	HV000184: ParameterMessageInterpolator has been chosen, EL interpolation will not be supported
2018-01-25 15:12:33.286 [main] WARN  o.h.v.m.ParameterMessageInterpolator:	HV000184: ParameterMessageInterpolator has been chosen, EL interpolation will not be supported
2018-01-25 15:12:33.785 [main] WARN  o.h.v.m.ParameterMessageInterpolator:	HV000184: ParameterMessageInterpolator has been chosen, EL interpolation will not be supported
2018-01-25 15:13:51.120 [main] WARN  o.h.v.m.ParameterMessageInterpolator:	HV000184: ParameterMessageInterpolator has been chosen, EL interpolation will not be supported
2018-01-25 15:13:51.606 [main] WARN  o.h.v.m.ParameterMessageInterpolator:	HV000184: ParameterMessageInterpolator has been chosen, EL interpolation will not be supported
2018-01-25 15:14:18.058 [main] WARN  o.h.v.m.ParameterMessageInterpolator:	HV000184: ParameterMessageInterpolator has been chosen, EL interpolation will not be supported
2018-01-25 15:14:18.561 [main] WARN  o.h.v.m.ParameterMessageInterpolator:	HV000184: ParameterMessageInterpolator has been chosen, EL interpolation will not be supported
2018-01-25 15:14:53.485 [main] WARN  o.h.v.m.ParameterMessageInterpolator:	HV000184: ParameterMessageInterpolator has been chosen, EL interpolation will not be supported
2018-01-25 15:14:53.979 [main] WARN  o.h.v.m.ParameterMessageInterpolator:	HV000184: ParameterMessageInterpolator has been chosen, EL interpolation will not be supported
2018-01-25 15:15:44.170 [main] WARN  o.h.v.m.ParameterMessageInterpolator:	HV000184: ParameterMessageInterpolator has been chosen, EL interpolation will not be supported
2018-01-25 15:15:44.664 [main] WARN  o.h.v.m.ParameterMessageInterpolator:	HV000184: ParameterMessageInterpolator has been chosen, EL interpolation will not be supported
2018-01-25 15:16:33.861 [main] WARN  o.h.v.m.ParameterMessageInterpolator:	HV000184: ParameterMessageInterpolator has been chosen, EL interpolation will not be supported
2018-01-25 15:16:34.345 [main] WARN  o.h.v.m.ParameterMessageInterpolator:	HV000184: ParameterMessageInterpolator has been chosen, EL interpolation will not be supported
2018-01-25 15:16:53.486 [main] WARN  o.h.v.m.ParameterMessageInterpolator:	HV000184: ParameterMessageInterpolator has been chosen, EL interpolation will not be supported
2018-01-25 15:16:53.992 [main] WARN  o.h.v.m.ParameterMessageInterpolator:	HV000184: ParameterMessageInterpolator has been chosen, EL interpolation will not be supported
2018-01-25 15:17:55.338 [main] WARN  o.h.v.m.ParameterMessageInterpolator:	HV000184: ParameterMessageInterpolator has been chosen, EL interpolation will not be supported
2018-01-25 15:17:55.837 [main] WARN  o.h.v.m.ParameterMessageInterpolator:	HV000184: ParameterMessageInterpolator has been chosen, EL interpolation will not be supported
2018-01-25 15:19:40.607 [main] WARN  o.h.v.m.ParameterMessageInterpolator:	HV000184: ParameterMessageInterpolator has been chosen, EL interpolation will not be supported
2018-01-25 15:19:41.143 [main] WARN  o.h.v.m.ParameterMessageInterpolator:	HV000184: ParameterMessageInterpolator has been chosen, EL interpolation will not be supported
2018-01-25 15:20:10.331 [main] WARN  o.h.v.m.ParameterMessageInterpolator:	HV000184: ParameterMessageInterpolator has been chosen, EL interpolation will not be supported
2018-01-25 15:20:10.835 [main] WARN  o.h.v.m.ParameterMessageInterpolator:	HV000184: ParameterMessageInterpolator has been chosen, EL interpolation will not be supported
2018-01-25 15:20:50.567 [main] WARN  o.h.v.m.ParameterMessageInterpolator:	HV000184: ParameterMessageInterpolator has been chosen, EL interpolation will not be supported
2018-01-25 15:20:51.050 [main] WARN  o.h.v.m.ParameterMessageInterpolator:	HV000184: ParameterMessageInterpolator has been chosen, EL interpolation will not be supported
2018-01-25 15:21:42.438 [main] WARN  o.h.v.m.ParameterMessageInterpolator:	HV000184: ParameterMessageInterpolator has been chosen, EL interpolation will not be supported
2018-01-25 15:21:42.939 [main] WARN  o.h.v.m.ParameterMessageInterpolator:	HV000184: ParameterMessageInterpolator has been chosen, EL interpolation will not be supported
2018-01-25 15:22:06.224 [main] WARN  o.h.v.m.ParameterMessageInterpolator:	HV000184: ParameterMessageInterpolator has been chosen, EL interpolation will not be supported
2018-01-25 15:22:06.709 [main] WARN  o.h.v.m.ParameterMessageInterpolator:	HV000184: ParameterMessageInterpolator has been chosen, EL interpolation will not be supported
2018-01-25 15:22:26.441 [main] WARN  o.h.v.m.ParameterMessageInterpolator:	HV000184: ParameterMessageInterpolator has been chosen, EL interpolation will not be supported
2018-01-25 15:22:26.919 [main] WARN  o.h.v.m.ParameterMessageInterpolator:	HV000184: ParameterMessageInterpolator has been chosen, EL interpolation will not be supported
2018-01-25 15:23:21.906 [main] WARN  o.h.v.m.ParameterMessageInterpolator:	HV000184: ParameterMessageInterpolator has been chosen, EL interpolation will not be supported
2018-01-25 15:23:22.382 [main] WARN  o.h.v.m.ParameterMessageInterpolator:	HV000184: ParameterMessageInterpolator has been chosen, EL interpolation will not be supported
2018-01-25 15:24:24.570 [main] WARN  o.h.v.m.ParameterMessageInterpolator:	HV000184: ParameterMessageInterpolator has been chosen, EL interpolation will not be supported
2018-01-25 15:24:25.076 [main] WARN  o.h.v.m.ParameterMessageInterpolator:	HV000184: ParameterMessageInterpolator has been chosen, EL interpolation will not be supported
2018-01-25 15:24:55.765 [main] WARN  o.h.v.m.ParameterMessageInterpolator:	HV000184: ParameterMessageInterpolator has been chosen, EL interpolation will not be supported
2018-01-25 15:24:56.270 [main] WARN  o.h.v.m.ParameterMessageInterpolator:	HV000184: ParameterMessageInterpolator has been chosen, EL interpolation will not be supported
2018-01-25 15:26:36.595 [main] WARN  o.h.v.m.ParameterMessageInterpolator:	HV000184: ParameterMessageInterpolator has been chosen, EL interpolation will not be supported
2018-01-25 15:26:37.095 [main] WARN  o.h.v.m.ParameterMessageInterpolator:	HV000184: ParameterMessageInterpolator has been chosen, EL interpolation will not be supported
2018-01-25 15:26:55.561 [main] WARN  o.h.v.m.ParameterMessageInterpolator:	HV000184: ParameterMessageInterpolator has been chosen, EL interpolation will not be supported
2018-01-25 15:26:56.076 [main] WARN  o.h.v.m.ParameterMessageInterpolator:	HV000184: ParameterMessageInterpolator has been chosen, EL interpolation will not be supported
2018-01-25 15:27:28.095 [main] WARN  o.h.v.m.ParameterMessageInterpolator:	HV000184: ParameterMessageInterpolator has been chosen, EL interpolation will not be supported
2018-01-25 15:27:28.617 [main] WARN  o.h.v.m.ParameterMessageInterpolator:	HV000184: ParameterMessageInterpolator has been chosen, EL interpolation will not be supported
2018-01-25 15:31:13.188 [main] WARN  o.h.v.m.ParameterMessageInterpolator:	HV000184: ParameterMessageInterpolator has been chosen, EL interpolation will not be supported
2018-01-25 15:31:13.684 [main] WARN  o.h.v.m.ParameterMessageInterpolator:	HV000184: ParameterMessageInterpolator has been chosen, EL interpolation will not be supported
