2018-01-24 08:51:06.447 [main] WARN  o.h.v.m.ParameterMessageInterpolator:	HV000184: ParameterMessageInterpolator has been chosen, EL interpolation will not be supported
2018-01-24 08:51:06.609 [main] WARN  o.h.v.m.ParameterMessageInterpolator:	HV000184: ParameterMessageInterpolator has been chosen, EL interpolation will not be supported
2018-01-24 08:51:43.948 [main] WARN  o.h.v.m.ParameterMessageInterpolator:	HV000184: ParameterMessageInterpolator has been chosen, EL interpolation will not be supported
2018-01-24 08:51:44.122 [main] WARN  o.h.v.m.ParameterMessageInterpolator:	HV000184: ParameterMessageInterpolator has been chosen, EL interpolation will not be supported
2018-01-24 08:51:45.472 [I/O dispatcher 1] WARN  com.ec.formflood.flood.FloodGeneric$SCallback:	
url:http://m.kmdjsm.cn/fopai/sub.asp
params:{"fname":"张三","ftel":13049682450,"faddress":"广东省广州市天河区中山一路338号","fchanpin":"天然白玛瑙       本命佛398.0元"}
duration:1052

2018-01-24 08:51:45.472 [I/O dispatcher 1] WARN  com.ec.formflood.flood.FloodGeneric$SCallback:	

2018-01-24 08:52:17.594 [main] WARN  o.h.v.m.ParameterMessageInterpolator:	HV000184: ParameterMessageInterpolator has been chosen, EL interpolation will not be supported
2018-01-24 08:52:17.766 [main] WARN  o.h.v.m.ParameterMessageInterpolator:	HV000184: ParameterMessageInterpolator has been chosen, EL interpolation will not be supported
2018-01-24 08:52:19.051 [I/O dispatcher 1] WARN  com.ec.formflood.flood.FloodGeneric$SCallback:	
url:http://m.kmdjsm.cn/fopai/sub.asp
params:{"fname":"张三","ftel":13049682450,"faddress":"广东省广州市天河区中山一路338号","fchanpin":"天然白玛瑙       本命佛398.0元"}
duration:1011

2018-01-24 08:52:19.052 [I/O dispatcher 1] WARN  com.ec.formflood.flood.FloodGeneric$SCallback:	

2018-01-24 08:53:09.751 [main] WARN  o.h.v.m.ParameterMessageInterpolator:	HV000184: ParameterMessageInterpolator has been chosen, EL interpolation will not be supported
2018-01-24 08:53:09.919 [main] WARN  o.h.v.m.ParameterMessageInterpolator:	HV000184: ParameterMessageInterpolator has been chosen, EL interpolation will not be supported
2018-01-24 08:53:27.669 [main] WARN  o.h.v.m.ParameterMessageInterpolator:	HV000184: ParameterMessageInterpolator has been chosen, EL interpolation will not be supported
2018-01-24 08:53:27.852 [main] WARN  o.h.v.m.ParameterMessageInterpolator:	HV000184: ParameterMessageInterpolator has been chosen, EL interpolation will not be supported
2018-01-24 08:53:50.707 [main] WARN  o.h.v.m.ParameterMessageInterpolator:	HV000184: ParameterMessageInterpolator has been chosen, EL interpolation will not be supported
2018-01-24 08:53:50.990 [main] WARN  o.h.v.m.ParameterMessageInterpolator:	HV000184: ParameterMessageInterpolator has been chosen, EL interpolation will not be supported
2018-01-24 08:53:52.427 [I/O dispatcher 1] WARN  com.ec.formflood.flood.FloodGeneric$SCallback:	
url:http://m.kmdjsm.cn/fopai/sub.asp
params:{"fname":"张三","ftel":13049682450,"faddress":"广东省广州市天河区中山一路338号","fchanpin":"天然白玛瑙       本命佛398.0元"}
duration:1000

2018-01-24 08:53:52.427 [I/O dispatcher 1] WARN  com.ec.formflood.flood.FloodGeneric$SCallback:	

2018-01-24 08:57:12.812 [main] WARN  o.h.v.m.ParameterMessageInterpolator:	HV000184: ParameterMessageInterpolator has been chosen, EL interpolation will not be supported
2018-01-24 08:57:12.944 [main] WARN  o.h.v.m.ParameterMessageInterpolator:	HV000184: ParameterMessageInterpolator has been chosen, EL interpolation will not be supported
2018-01-24 08:57:14.172 [I/O dispatcher 1] WARN  com.ec.formflood.flood.FloodGeneric$SCallback:	
url:http://m.kmdjsm.cn/fopai/sub.asp
params:{"fname":"张三","ftel":13049682450,"faddress":"广东省广州市天河区中山一路338号","fchanpin":"天然白玛瑙       本命佛398.0元"}
duration:1037

2018-01-24 08:57:14.172 [I/O dispatcher 1] WARN  com.ec.formflood.flood.FloodGeneric$SCallback:	

2018-01-24 08:57:52.605 [main] WARN  o.h.v.m.ParameterMessageInterpolator:	HV000184: ParameterMessageInterpolator has been chosen, EL interpolation will not be supported
2018-01-24 08:57:52.742 [main] WARN  o.h.v.m.ParameterMessageInterpolator:	HV000184: ParameterMessageInterpolator has been chosen, EL interpolation will not be supported
2018-01-24 08:57:53.959 [I/O dispatcher 1] WARN  com.ec.formflood.flood.FloodGeneric$SCallback:	
url:http://m.kmdjsm.cn/fopai/sub.asp
params:{"fname":"张三","ftel":13049682450,"faddress":"广东省广州市天河区中山一路338号","fchanpin":"天然白玛瑙       本命佛398.0元"}
duration:970

2018-01-24 08:57:53.959 [I/O dispatcher 1] WARN  com.ec.formflood.flood.FloodGeneric$SCallback:	

2018-01-24 08:58:39.697 [main] WARN  o.h.v.m.ParameterMessageInterpolator:	HV000184: ParameterMessageInterpolator has been chosen, EL interpolation will not be supported
2018-01-24 08:58:39.838 [main] WARN  o.h.v.m.ParameterMessageInterpolator:	HV000184: ParameterMessageInterpolator has been chosen, EL interpolation will not be supported
2018-01-24 08:58:41.078 [I/O dispatcher 1] WARN  com.ec.formflood.flood.FloodGeneric$SCallback:	
url:http://m.kmdjsm.cn/fopai/sub.asp
params:{"fname":"张三","ftel":13049682450,"faddress":"广东省广州市天河区中山一路338号","fchanpin":"天然白玛瑙       本命佛398.0元"}
duration:978

2018-01-24 08:58:41.078 [I/O dispatcher 1] WARN  com.ec.formflood.flood.FloodGeneric$SCallback:	

2018-01-24 09:02:28.691 [main] WARN  o.h.v.m.ParameterMessageInterpolator:	HV000184: ParameterMessageInterpolator has been chosen, EL interpolation will not be supported
2018-01-24 09:02:28.926 [main] WARN  o.h.v.m.ParameterMessageInterpolator:	HV000184: ParameterMessageInterpolator has been chosen, EL interpolation will not be supported
2018-01-24 09:02:37.064 [main] WARN  o.h.v.m.ParameterMessageInterpolator:	HV000184: ParameterMessageInterpolator has been chosen, EL interpolation will not be supported
2018-01-24 09:02:37.223 [main] WARN  o.h.v.m.ParameterMessageInterpolator:	HV000184: ParameterMessageInterpolator has been chosen, EL interpolation will not be supported
2018-01-24 09:02:38.488 [I/O dispatcher 1] WARN  com.ec.formflood.flood.FloodGeneric$SCallback:	
url:http://m.kmdjsm.cn/fopai/sub.asp
params:{"fname":"张三","ftel":13049682450,"faddress":"广东省广州市天河区中山一路338号","fchanpin":"天然白玛瑙       本命佛398.0元"}
duration:1021

2018-01-24 09:02:38.488 [I/O dispatcher 1] WARN  com.ec.formflood.flood.FloodGeneric$SCallback:	

2018-01-24 09:04:12.633 [main] WARN  o.h.v.m.ParameterMessageInterpolator:	HV000184: ParameterMessageInterpolator has been chosen, EL interpolation will not be supported
2018-01-24 09:04:12.941 [main] WARN  o.h.v.m.ParameterMessageInterpolator:	HV000184: ParameterMessageInterpolator has been chosen, EL interpolation will not be supported
2018-01-24 09:04:14.268 [I/O dispatcher 1] WARN  com.ec.formflood.flood.FloodGeneric$SCallback:	
url:http://m.kmdjsm.cn/fopai/sub.asp
params:{"fname":"张三","ftel":13049682450,"faddress":"广东省广州市天河区中山一路338号","fchanpin":"天然白玛瑙       本命佛398.0元"}
duration:974

2018-01-24 09:04:14.268 [I/O dispatcher 1] WARN  com.ec.formflood.flood.FloodGeneric$SCallback:	

2018-01-24 09:04:29.894 [main] WARN  o.h.v.m.ParameterMessageInterpolator:	HV000184: ParameterMessageInterpolator has been chosen, EL interpolation will not be supported
2018-01-24 09:04:30.053 [main] WARN  o.h.v.m.ParameterMessageInterpolator:	HV000184: ParameterMessageInterpolator has been chosen, EL interpolation will not be supported
2018-01-24 09:04:31.228 [I/O dispatcher 1] WARN  com.ec.formflood.flood.FloodGeneric$SCallback:	
url:http://m.kmdjsm.cn/fopai/sub.asp
params:{"fname":"张三","ftel":13049682450,"faddress":"广东省广州市天河区中山一路338号","fchanpin":"天然白玛瑙       本命佛398.0元"}
duration:948

2018-01-24 09:04:31.228 [I/O dispatcher 1] WARN  com.ec.formflood.flood.FloodGeneric$SCallback:	

2018-01-24 09:04:48.454 [main] WARN  o.h.v.m.ParameterMessageInterpolator:	HV000184: ParameterMessageInterpolator has been chosen, EL interpolation will not be supported
2018-01-24 09:04:48.591 [main] WARN  o.h.v.m.ParameterMessageInterpolator:	HV000184: ParameterMessageInterpolator has been chosen, EL interpolation will not be supported
2018-01-24 09:04:49.822 [I/O dispatcher 1] WARN  com.ec.formflood.flood.FloodGeneric$SCallback:	
url:http://m.kmdjsm.cn/fopai/sub.asp
params:{"fname":"张三","ftel":13049682450,"faddress":"广东省广州市天河区中山一路338号","fchanpin":"天然白玛瑙       本命佛398.0元"}
duration:1011

2018-01-24 09:04:49.822 [I/O dispatcher 1] WARN  com.ec.formflood.flood.FloodGeneric$SCallback:	

2018-01-24 09:09:10.184 [main] WARN  o.h.v.m.ParameterMessageInterpolator:	HV000184: ParameterMessageInterpolator has been chosen, EL interpolation will not be supported
2018-01-24 09:09:10.345 [main] WARN  o.h.v.m.ParameterMessageInterpolator:	HV000184: ParameterMessageInterpolator has been chosen, EL interpolation will not be supported
2018-01-24 09:09:22.308 [main] WARN  o.h.v.m.ParameterMessageInterpolator:	HV000184: ParameterMessageInterpolator has been chosen, EL interpolation will not be supported
2018-01-24 09:09:22.462 [main] WARN  o.h.v.m.ParameterMessageInterpolator:	HV000184: ParameterMessageInterpolator has been chosen, EL interpolation will not be supported
2018-01-24 09:09:23.636 [I/O dispatcher 1] WARN  com.ec.formflood.flood.FloodGeneric$SCallback:	
url:http://m.kmdjsm.cn/fopai/sub.asp
params:{"fname":"张三","ftel":13049682450,"faddress":"广东省广州市天河区中山一路338号","fchanpin":"天然白玛瑙       本命佛398.0元"}
proxy:139.196.122.166,8080,anonymous,null,null
duration:961

2018-01-24 09:09:23.636 [I/O dispatcher 1] WARN  com.ec.formflood.flood.FloodGeneric$SCallback:	

2018-01-24 09:10:18.479 [main] WARN  o.h.v.m.ParameterMessageInterpolator:	HV000184: ParameterMessageInterpolator has been chosen, EL interpolation will not be supported
2018-01-24 09:10:18.647 [main] WARN  o.h.v.m.ParameterMessageInterpolator:	HV000184: ParameterMessageInterpolator has been chosen, EL interpolation will not be supported
2018-01-24 09:13:26.654 [main] WARN  o.h.v.m.ParameterMessageInterpolator:	HV000184: ParameterMessageInterpolator has been chosen, EL interpolation will not be supported
2018-01-24 09:13:26.808 [main] WARN  o.h.v.m.ParameterMessageInterpolator:	HV000184: ParameterMessageInterpolator has been chosen, EL interpolation will not be supported
2018-01-24 09:14:20.449 [main] WARN  o.h.v.m.ParameterMessageInterpolator:	HV000184: ParameterMessageInterpolator has been chosen, EL interpolation will not be supported
2018-01-24 09:14:20.603 [main] WARN  o.h.v.m.ParameterMessageInterpolator:	HV000184: ParameterMessageInterpolator has been chosen, EL interpolation will not be supported
2018-01-24 09:15:02.614 [main] WARN  o.h.v.m.ParameterMessageInterpolator:	HV000184: ParameterMessageInterpolator has been chosen, EL interpolation will not be supported
2018-01-24 09:15:02.786 [main] WARN  o.h.v.m.ParameterMessageInterpolator:	HV000184: ParameterMessageInterpolator has been chosen, EL interpolation will not be supported
2018-01-24 09:16:01.153 [main] WARN  o.h.v.m.ParameterMessageInterpolator:	HV000184: ParameterMessageInterpolator has been chosen, EL interpolation will not be supported
2018-01-24 09:16:01.332 [main] WARN  o.h.v.m.ParameterMessageInterpolator:	HV000184: ParameterMessageInterpolator has been chosen, EL interpolation will not be supported
2018-01-24 09:24:15.018 [main] WARN  o.h.v.m.ParameterMessageInterpolator:	HV000184: ParameterMessageInterpolator has been chosen, EL interpolation will not be supported
2018-01-24 09:24:15.182 [main] WARN  o.h.v.m.ParameterMessageInterpolator:	HV000184: ParameterMessageInterpolator has been chosen, EL interpolation will not be supported
2018-01-24 10:53:51.346 [main] WARN  o.h.v.m.ParameterMessageInterpolator:	HV000184: ParameterMessageInterpolator has been chosen, EL interpolation will not be supported
2018-01-24 10:53:51.840 [main] WARN  o.h.v.m.ParameterMessageInterpolator:	HV000184: ParameterMessageInterpolator has been chosen, EL interpolation will not be supported
2018-01-24 10:55:14.793 [main] WARN  o.h.v.m.ParameterMessageInterpolator:	HV000184: ParameterMessageInterpolator has been chosen, EL interpolation will not be supported
2018-01-24 10:55:15.524 [main] WARN  o.h.v.m.ParameterMessageInterpolator:	HV000184: ParameterMessageInterpolator has been chosen, EL interpolation will not be supported
2018-01-24 10:55:28.630 [main] WARN  o.h.v.m.ParameterMessageInterpolator:	HV000184: ParameterMessageInterpolator has been chosen, EL interpolation will not be supported
2018-01-24 10:55:29.063 [main] WARN  o.h.v.m.ParameterMessageInterpolator:	HV000184: ParameterMessageInterpolator has been chosen, EL interpolation will not be supported
2018-01-24 11:00:20.001 [main] WARN  o.h.v.m.ParameterMessageInterpolator:	HV000184: ParameterMessageInterpolator has been chosen, EL interpolation will not be supported
2018-01-24 11:00:20.476 [main] WARN  o.h.v.m.ParameterMessageInterpolator:	HV000184: ParameterMessageInterpolator has been chosen, EL interpolation will not be supported
2018-01-24 11:00:29.568 [main] WARN  o.h.v.m.ParameterMessageInterpolator:	HV000184: ParameterMessageInterpolator has been chosen, EL interpolation will not be supported
2018-01-24 11:00:30.049 [main] WARN  o.h.v.m.ParameterMessageInterpolator:	HV000184: ParameterMessageInterpolator has been chosen, EL interpolation will not be supported
2018-01-24 11:09:24.144 [main] WARN  o.h.v.m.ParameterMessageInterpolator:	HV000184: ParameterMessageInterpolator has been chosen, EL interpolation will not be supported
2018-01-24 11:09:24.614 [main] WARN  o.h.v.m.ParameterMessageInterpolator:	HV000184: ParameterMessageInterpolator has been chosen, EL interpolation will not be supported
2018-01-24 11:09:51.642 [main] WARN  o.h.v.m.ParameterMessageInterpolator:	HV000184: ParameterMessageInterpolator has been chosen, EL interpolation will not be supported
2018-01-24 11:09:52.091 [main] WARN  o.h.v.m.ParameterMessageInterpolator:	HV000184: ParameterMessageInterpolator has been chosen, EL interpolation will not be supported
2018-01-24 11:10:09.788 [main] WARN  o.h.v.m.ParameterMessageInterpolator:	HV000184: ParameterMessageInterpolator has been chosen, EL interpolation will not be supported
2018-01-24 11:10:10.249 [main] WARN  o.h.v.m.ParameterMessageInterpolator:	HV000184: ParameterMessageInterpolator has been chosen, EL interpolation will not be supported
2018-01-24 11:10:16.365 [main] WARN  o.h.v.m.ParameterMessageInterpolator:	HV000184: ParameterMessageInterpolator has been chosen, EL interpolation will not be supported
2018-01-24 11:10:16.817 [main] WARN  o.h.v.m.ParameterMessageInterpolator:	HV000184: ParameterMessageInterpolator has been chosen, EL interpolation will not be supported
2018-01-24 11:10:24.569 [main] WARN  o.h.v.m.ParameterMessageInterpolator:	HV000184: ParameterMessageInterpolator has been chosen, EL interpolation will not be supported
2018-01-24 11:10:25.017 [main] WARN  o.h.v.m.ParameterMessageInterpolator:	HV000184: ParameterMessageInterpolator has been chosen, EL interpolation will not be supported
2018-01-24 11:10:33.256 [main] WARN  o.h.v.m.ParameterMessageInterpolator:	HV000184: ParameterMessageInterpolator has been chosen, EL interpolation will not be supported
2018-01-24 11:10:33.694 [main] WARN  o.h.v.m.ParameterMessageInterpolator:	HV000184: ParameterMessageInterpolator has been chosen, EL interpolation will not be supported
2018-01-24 11:11:07.186 [main] WARN  o.h.v.m.ParameterMessageInterpolator:	HV000184: ParameterMessageInterpolator has been chosen, EL interpolation will not be supported
2018-01-24 11:11:07.704 [main] WARN  o.h.v.m.ParameterMessageInterpolator:	HV000184: ParameterMessageInterpolator has been chosen, EL interpolation will not be supported
2018-01-24 11:12:45.676 [main] WARN  o.h.v.m.ParameterMessageInterpolator:	HV000184: ParameterMessageInterpolator has been chosen, EL interpolation will not be supported
2018-01-24 11:12:46.151 [main] WARN  o.h.v.m.ParameterMessageInterpolator:	HV000184: ParameterMessageInterpolator has been chosen, EL interpolation will not be supported
2018-01-24 11:14:17.239 [main] WARN  o.h.v.m.ParameterMessageInterpolator:	HV000184: ParameterMessageInterpolator has been chosen, EL interpolation will not be supported
2018-01-24 11:14:17.700 [main] WARN  o.h.v.m.ParameterMessageInterpolator:	HV000184: ParameterMessageInterpolator has been chosen, EL interpolation will not be supported
2018-01-24 11:14:48.381 [main] WARN  o.h.v.m.ParameterMessageInterpolator:	HV000184: ParameterMessageInterpolator has been chosen, EL interpolation will not be supported
2018-01-24 11:14:48.842 [main] WARN  o.h.v.m.ParameterMessageInterpolator:	HV000184: ParameterMessageInterpolator has been chosen, EL interpolation will not be supported
2018-01-24 11:20:06.023 [main] WARN  o.h.v.m.ParameterMessageInterpolator:	HV000184: ParameterMessageInterpolator has been chosen, EL interpolation will not be supported
2018-01-24 11:20:06.611 [main] WARN  o.h.v.m.ParameterMessageInterpolator:	HV000184: ParameterMessageInterpolator has been chosen, EL interpolation will not be supported
2018-01-24 11:20:50.036 [main] WARN  o.h.v.m.ParameterMessageInterpolator:	HV000184: ParameterMessageInterpolator has been chosen, EL interpolation will not be supported
2018-01-24 11:20:50.527 [main] WARN  o.h.v.m.ParameterMessageInterpolator:	HV000184: ParameterMessageInterpolator has been chosen, EL interpolation will not be supported
2018-01-24 11:21:22.191 [main] WARN  o.h.v.m.ParameterMessageInterpolator:	HV000184: ParameterMessageInterpolator has been chosen, EL interpolation will not be supported
2018-01-24 11:21:22.683 [main] WARN  o.h.v.m.ParameterMessageInterpolator:	HV000184: ParameterMessageInterpolator has been chosen, EL interpolation will not be supported
2018-01-24 11:21:24.084 [I/O dispatcher 1] WARN  c.e.f.flood.AsyncRestTemplateFlood$SCallback:	
url:http://m.kmdjsm.cn/fopai/sub.asp
params:{"fname":"张三","ftel":13049682450,"faddress":"广东省广州市天河区中山一路338号","fchanpin":"天然白玛瑙       本命佛398.0元"}
duration:1016

2018-01-24 11:21:24.085 [I/O dispatcher 1] WARN  c.e.f.flood.AsyncRestTemplateFlood$SCallback:	

2018-01-24 11:40:22.325 [main] WARN  o.h.v.m.ParameterMessageInterpolator:	HV000184: ParameterMessageInterpolator has been chosen, EL interpolation will not be supported
2018-01-24 11:40:22.806 [main] WARN  o.h.v.m.ParameterMessageInterpolator:	HV000184: ParameterMessageInterpolator has been chosen, EL interpolation will not be supported
2018-01-24 11:40:33.149 [main] WARN  o.h.v.m.ParameterMessageInterpolator:	HV000184: ParameterMessageInterpolator has been chosen, EL interpolation will not be supported
2018-01-24 11:40:33.662 [main] WARN  o.h.v.m.ParameterMessageInterpolator:	HV000184: ParameterMessageInterpolator has been chosen, EL interpolation will not be supported
2018-01-24 11:40:34.930 [I/O dispatcher 1] WARN  c.e.f.flood.AsyncRestTemplateFlood$SCallback:	
url:http://m.kmdjsm.cn/fopai/sub.asp
params:{"fname":"张三","ftel":13049682450,"faddress":"广东省广州市天河区中山一路338号","fchanpin":"天然白玛瑙       本命佛398.0元"}
duration:951

2018-01-24 11:40:34.930 [I/O dispatcher 1] WARN  c.e.f.flood.AsyncRestTemplateFlood$SCallback:	

2018-01-24 11:40:55.386 [main] WARN  o.h.v.m.ParameterMessageInterpolator:	HV000184: ParameterMessageInterpolator has been chosen, EL interpolation will not be supported
2018-01-24 11:40:55.878 [main] WARN  o.h.v.m.ParameterMessageInterpolator:	HV000184: ParameterMessageInterpolator has been chosen, EL interpolation will not be supported
2018-01-24 12:18:05.334 [main] WARN  o.h.v.m.ParameterMessageInterpolator:	HV000184: ParameterMessageInterpolator has been chosen, EL interpolation will not be supported
2018-01-24 12:18:05.797 [main] WARN  o.h.v.m.ParameterMessageInterpolator:	HV000184: ParameterMessageInterpolator has been chosen, EL interpolation will not be supported
2018-01-24 12:19:30.221 [main] WARN  o.h.v.m.ParameterMessageInterpolator:	HV000184: ParameterMessageInterpolator has been chosen, EL interpolation will not be supported
2018-01-24 12:19:30.685 [main] WARN  o.h.v.m.ParameterMessageInterpolator:	HV000184: ParameterMessageInterpolator has been chosen, EL interpolation will not be supported
2018-01-24 12:21:47.846 [main] WARN  o.h.v.m.ParameterMessageInterpolator:	HV000184: ParameterMessageInterpolator has been chosen, EL interpolation will not be supported
2018-01-24 12:21:48.306 [main] WARN  o.h.v.m.ParameterMessageInterpolator:	HV000184: ParameterMessageInterpolator has been chosen, EL interpolation will not be supported
2018-01-24 12:22:21.051 [main] WARN  o.h.v.m.ParameterMessageInterpolator:	HV000184: ParameterMessageInterpolator has been chosen, EL interpolation will not be supported
2018-01-24 12:22:21.504 [main] WARN  o.h.v.m.ParameterMessageInterpolator:	HV000184: ParameterMessageInterpolator has been chosen, EL interpolation will not be supported
2018-01-24 13:06:06.250 [main] WARN  o.h.v.m.ParameterMessageInterpolator:	HV000184: ParameterMessageInterpolator has been chosen, EL interpolation will not be supported
2018-01-24 13:06:06.716 [main] WARN  o.h.v.m.ParameterMessageInterpolator:	HV000184: ParameterMessageInterpolator has been chosen, EL interpolation will not be supported
2018-01-24 13:10:24.525 [main] WARN  o.h.v.m.ParameterMessageInterpolator:	HV000184: ParameterMessageInterpolator has been chosen, EL interpolation will not be supported
2018-01-24 13:10:25.007 [main] WARN  o.h.v.m.ParameterMessageInterpolator:	HV000184: ParameterMessageInterpolator has been chosen, EL interpolation will not be supported
2018-01-24 13:10:45.994 [main] WARN  o.h.v.m.ParameterMessageInterpolator:	HV000184: ParameterMessageInterpolator has been chosen, EL interpolation will not be supported
2018-01-24 13:10:46.451 [main] WARN  o.h.v.m.ParameterMessageInterpolator:	HV000184: ParameterMessageInterpolator has been chosen, EL interpolation will not be supported
2018-01-24 13:16:39.246 [main] WARN  o.h.v.m.ParameterMessageInterpolator:	HV000184: ParameterMessageInterpolator has been chosen, EL interpolation will not be supported
2018-01-24 13:16:39.699 [main] WARN  o.h.v.m.ParameterMessageInterpolator:	HV000184: ParameterMessageInterpolator has been chosen, EL interpolation will not be supported
2018-01-24 13:16:54.133 [main] WARN  o.h.v.m.ParameterMessageInterpolator:	HV000184: ParameterMessageInterpolator has been chosen, EL interpolation will not be supported
2018-01-24 13:16:54.614 [main] WARN  o.h.v.m.ParameterMessageInterpolator:	HV000184: ParameterMessageInterpolator has been chosen, EL interpolation will not be supported
2018-01-24 13:27:53.289 [main] WARN  o.h.v.m.ParameterMessageInterpolator:	HV000184: ParameterMessageInterpolator has been chosen, EL interpolation will not be supported
2018-01-24 13:27:53.776 [main] WARN  o.h.v.m.ParameterMessageInterpolator:	HV000184: ParameterMessageInterpolator has been chosen, EL interpolation will not be supported
2018-01-24 13:28:02.361 [main] WARN  o.h.v.m.ParameterMessageInterpolator:	HV000184: ParameterMessageInterpolator has been chosen, EL interpolation will not be supported
2018-01-24 13:28:02.852 [main] WARN  o.h.v.m.ParameterMessageInterpolator:	HV000184: ParameterMessageInterpolator has been chosen, EL interpolation will not be supported
2018-01-24 13:37:14.691 [main] WARN  o.h.v.m.ParameterMessageInterpolator:	HV000184: ParameterMessageInterpolator has been chosen, EL interpolation will not be supported
2018-01-24 13:37:15.183 [main] WARN  o.h.v.m.ParameterMessageInterpolator:	HV000184: ParameterMessageInterpolator has been chosen, EL interpolation will not be supported
2018-01-24 13:40:40.787 [main] WARN  o.h.v.m.ParameterMessageInterpolator:	HV000184: ParameterMessageInterpolator has been chosen, EL interpolation will not be supported
2018-01-24 13:40:41.269 [main] WARN  o.h.v.m.ParameterMessageInterpolator:	HV000184: ParameterMessageInterpolator has been chosen, EL interpolation will not be supported
2018-01-24 13:45:42.098 [main] WARN  o.h.v.m.ParameterMessageInterpolator:	HV000184: ParameterMessageInterpolator has been chosen, EL interpolation will not be supported
2018-01-24 13:45:42.568 [main] WARN  o.h.v.m.ParameterMessageInterpolator:	HV000184: ParameterMessageInterpolator has been chosen, EL interpolation will not be supported
2018-01-24 13:46:39.269 [main] WARN  o.h.v.m.ParameterMessageInterpolator:	HV000184: ParameterMessageInterpolator has been chosen, EL interpolation will not be supported
2018-01-24 13:46:39.732 [main] WARN  o.h.v.m.ParameterMessageInterpolator:	HV000184: ParameterMessageInterpolator has been chosen, EL interpolation will not be supported
2018-01-24 13:48:49.194 [main] WARN  o.h.v.m.ParameterMessageInterpolator:	HV000184: ParameterMessageInterpolator has been chosen, EL interpolation will not be supported
2018-01-24 13:48:49.736 [main] WARN  o.h.v.m.ParameterMessageInterpolator:	HV000184: ParameterMessageInterpolator has been chosen, EL interpolation will not be supported
2018-01-24 13:50:23.797 [main] WARN  o.h.v.m.ParameterMessageInterpolator:	HV000184: ParameterMessageInterpolator has been chosen, EL interpolation will not be supported
2018-01-24 13:50:24.321 [main] WARN  o.h.v.m.ParameterMessageInterpolator:	HV000184: ParameterMessageInterpolator has been chosen, EL interpolation will not be supported
2018-01-24 13:51:11.174 [main] WARN  o.h.v.m.ParameterMessageInterpolator:	HV000184: ParameterMessageInterpolator has been chosen, EL interpolation will not be supported
2018-01-24 13:51:11.677 [main] WARN  o.h.v.m.ParameterMessageInterpolator:	HV000184: ParameterMessageInterpolator has been chosen, EL interpolation will not be supported
2018-01-24 14:00:27.062 [main] WARN  o.h.v.m.ParameterMessageInterpolator:	HV000184: ParameterMessageInterpolator has been chosen, EL interpolation will not be supported
2018-01-24 14:00:27.579 [main] WARN  o.h.v.m.ParameterMessageInterpolator:	HV000184: ParameterMessageInterpolator has been chosen, EL interpolation will not be supported
2018-01-24 14:01:23.965 [main] WARN  o.h.v.m.ParameterMessageInterpolator:	HV000184: ParameterMessageInterpolator has been chosen, EL interpolation will not be supported
2018-01-24 14:01:24.469 [main] WARN  o.h.v.m.ParameterMessageInterpolator:	HV000184: ParameterMessageInterpolator has been chosen, EL interpolation will not be supported
2018-01-24 14:01:25.841 [I/O dispatcher 1] WARN  c.e.f.flood.AsyncRestTemplateFlood$SCallback:	
url:http://m.kmdjsm.cn/fopai/sub.asp
params:{"fname":"张三","ftel":13049682450,"faddress":"广东省广州市天河区中山一路338号","fchanpin":"天然白玛瑙       本命佛398.0元"}
duration:969

2018-01-24 14:01:25.841 [I/O dispatcher 1] WARN  c.e.f.flood.AsyncRestTemplateFlood$SCallback:	

2018-01-24 15:09:53.539 [main] WARN  o.h.v.m.ParameterMessageInterpolator:	HV000184: ParameterMessageInterpolator has been chosen, EL interpolation will not be supported
2018-01-24 15:09:54.010 [main] WARN  o.h.v.m.ParameterMessageInterpolator:	HV000184: ParameterMessageInterpolator has been chosen, EL interpolation will not be supported
2018-01-24 15:09:54.628 [I/O dispatcher 1] WARN  org.springframework.web.client.AsyncRestTemplate:	Async POST request for "http://localhost:8888/orders/" resulted in 404 (); invoking error handler
2018-01-24 15:10:49.739 [main] WARN  o.h.v.m.ParameterMessageInterpolator:	HV000184: ParameterMessageInterpolator has been chosen, EL interpolation will not be supported
2018-01-24 15:10:50.212 [main] WARN  o.h.v.m.ParameterMessageInterpolator:	HV000184: ParameterMessageInterpolator has been chosen, EL interpolation will not be supported
2018-01-24 15:10:50.708 [I/O dispatcher 1] WARN  c.e.f.flood.AsyncRestTemplateFlood$SCallback:	
url:http://localhost:8888/orders/order
params:{"fname":"张三","ftel":13049682450,"faddress":"广东省广州市天河区中山一路338号","fchanpin":"天然白玛瑙       本命佛398.0元"}
duration:156

2018-01-24 15:10:50.708 [I/O dispatcher 1] WARN  c.e.f.flood.AsyncRestTemplateFlood$SCallback:	

2018-01-24 15:17:01.525 [main] WARN  o.h.v.m.ParameterMessageInterpolator:	HV000184: ParameterMessageInterpolator has been chosen, EL interpolation will not be supported
2018-01-24 15:17:01.991 [main] WARN  o.h.v.m.ParameterMessageInterpolator:	HV000184: ParameterMessageInterpolator has been chosen, EL interpolation will not be supported
2018-01-24 15:17:22.271 [main] WARN  o.h.v.m.ParameterMessageInterpolator:	HV000184: ParameterMessageInterpolator has been chosen, EL interpolation will not be supported
2018-01-24 15:17:22.742 [main] WARN  o.h.v.m.ParameterMessageInterpolator:	HV000184: ParameterMessageInterpolator has been chosen, EL interpolation will not be supported
2018-01-24 15:17:48.582 [main] WARN  o.h.v.m.ParameterMessageInterpolator:	HV000184: ParameterMessageInterpolator has been chosen, EL interpolation will not be supported
2018-01-24 15:17:49.052 [main] WARN  o.h.v.m.ParameterMessageInterpolator:	HV000184: ParameterMessageInterpolator has been chosen, EL interpolation will not be supported
2018-01-24 15:17:50.329 [I/O dispatcher 1] WARN  c.e.f.flood.AsyncRestTemplateFlood$SCallback:	
url:http://m.kmdjsm.cn/fopai/sub.asp
params:{"fname":"张三","ftel":13049682450,"faddress":"广东省广州市天河区中山一路338号","fchanpin":"天然白玛瑙       本命佛398.0元"}
duration:944

2018-01-24 15:17:50.329 [I/O dispatcher 1] WARN  c.e.f.flood.AsyncRestTemplateFlood$SCallback:	

2018-01-24 15:20:22.931 [main] WARN  o.h.v.m.ParameterMessageInterpolator:	HV000184: ParameterMessageInterpolator has been chosen, EL interpolation will not be supported
2018-01-24 15:20:23.406 [main] WARN  o.h.v.m.ParameterMessageInterpolator:	HV000184: ParameterMessageInterpolator has been chosen, EL interpolation will not be supported
2018-01-24 15:20:24.707 [I/O dispatcher 1] WARN  c.e.f.flood.AsyncRestTemplateFlood$SCallback:	
url:http://m.kmdjsm.cn/fopai/sub.asp
params:{"fname":"张三","ftel":13049682450,"faddress":"广东省广州市天河区中山一路338号","fchanpin":"天然白玛瑙       本命佛398.0元"}
duration:983

2018-01-24 15:20:24.707 [I/O dispatcher 1] WARN  c.e.f.flood.AsyncRestTemplateFlood$SCallback:	

2018-01-24 15:20:51.699 [main] WARN  o.h.v.m.ParameterMessageInterpolator:	HV000184: ParameterMessageInterpolator has been chosen, EL interpolation will not be supported
2018-01-24 15:20:52.162 [main] WARN  o.h.v.m.ParameterMessageInterpolator:	HV000184: ParameterMessageInterpolator has been chosen, EL interpolation will not be supported
2018-01-24 15:20:53.478 [I/O dispatcher 1] WARN  c.e.f.flood.AsyncRestTemplateFlood$SCallback:	
url:http://m.kmdjsm.cn/fopai/sub.asp
params:{"fname":"张三","ftel":13049682450,"faddress":"广东省广州市天河区中山一路338号","fchanpin":"天然白玛瑙       本命佛398.0元"}
duration:983

2018-01-24 15:20:53.478 [I/O dispatcher 1] WARN  c.e.f.flood.AsyncRestTemplateFlood$SCallback:	

2018-01-24 15:28:31.837 [main] WARN  o.h.v.m.ParameterMessageInterpolator:	HV000184: ParameterMessageInterpolator has been chosen, EL interpolation will not be supported
2018-01-24 15:28:32.312 [main] WARN  o.h.v.m.ParameterMessageInterpolator:	HV000184: ParameterMessageInterpolator has been chosen, EL interpolation will not be supported
2018-01-24 15:35:28.302 [main] WARN  o.h.v.m.ParameterMessageInterpolator:	HV000184: ParameterMessageInterpolator has been chosen, EL interpolation will not be supported
2018-01-24 15:35:28.764 [main] WARN  o.h.v.m.ParameterMessageInterpolator:	HV000184: ParameterMessageInterpolator has been chosen, EL interpolation will not be supported
2018-01-24 15:35:29.283 [I/O dispatcher 1] WARN  org.springframework.web.client.AsyncRestTemplate:	Async POST request for "http://dg.duoshoujie.cn/fopai/submit.asp" resulted in 404 (Not Found); invoking error handler
2018-01-24 15:40:20.765 [main] WARN  o.h.v.m.ParameterMessageInterpolator:	HV000184: ParameterMessageInterpolator has been chosen, EL interpolation will not be supported
2018-01-24 15:40:21.240 [main] WARN  o.h.v.m.ParameterMessageInterpolator:	HV000184: ParameterMessageInterpolator has been chosen, EL interpolation will not be supported
2018-01-24 15:40:21.890 [I/O dispatcher 1] WARN  c.e.f.flood.AsyncRestTemplateFlood$SCallback:	
url:http://dg.duoshoujie.cn/fopai/submit.asp
params:{"fname":"张三","ftel":13049682450,"faddress":"广东省广州市天河区中山一路338号","fchanpin":"天然白玛瑙       本命佛398.0元"}
duration:380

2018-01-24 15:40:21.890 [I/O dispatcher 1] WARN  c.e.f.flood.AsyncRestTemplateFlood$SCallback:	

2018-01-24 15:43:55.307 [main] WARN  o.h.v.m.ParameterMessageInterpolator:	HV000184: ParameterMessageInterpolator has been chosen, EL interpolation will not be supported
2018-01-24 15:43:55.770 [main] WARN  o.h.v.m.ParameterMessageInterpolator:	HV000184: ParameterMessageInterpolator has been chosen, EL interpolation will not be supported
2018-01-24 15:43:56.431 [I/O dispatcher 1] WARN  c.e.f.flood.AsyncRestTemplateFlood$SCallback:	
url:http://dg.duoshoujie.cn/fopai/submit.asp
params:{"fname":"张三","ftel":13049682450,"faddress":"广东省广州市天河区中山一路338号","fchanpin":"天然白玛瑙       本命佛398.0元"}
duration:363

2018-01-24 15:43:56.431 [I/O dispatcher 1] WARN  c.e.f.flood.AsyncRestTemplateFlood$SCallback:	

2018-01-24 15:44:38.135 [main] WARN  o.h.v.m.ParameterMessageInterpolator:	HV000184: ParameterMessageInterpolator has been chosen, EL interpolation will not be supported
2018-01-24 15:44:38.656 [main] WARN  o.h.v.m.ParameterMessageInterpolator:	HV000184: ParameterMessageInterpolator has been chosen, EL interpolation will not be supported
2018-01-24 15:44:39.780 [I/O dispatcher 1] WARN  c.e.f.flood.AsyncRestTemplateFlood$SCallback:	
url:http://dg.duoshoujie.cn/fopai/submit.asp
params:{"fname":"张三","ftel":13049682450,"faddress":"广东省广州市天河区中山一路338号","fchanpin":"天然白玛瑙       本命佛398.0元"}
duration:354

2018-01-24 15:44:39.781 [I/O dispatcher 1] WARN  c.e.f.flood.AsyncRestTemplateFlood$SCallback:	

2018-01-24 15:44:57.103 [main] WARN  o.h.v.m.ParameterMessageInterpolator:	HV000184: ParameterMessageInterpolator has been chosen, EL interpolation will not be supported
2018-01-24 15:44:57.600 [main] WARN  o.h.v.m.ParameterMessageInterpolator:	HV000184: ParameterMessageInterpolator has been chosen, EL interpolation will not be supported
2018-01-24 15:44:58.291 [I/O dispatcher 1] WARN  c.e.f.flood.AsyncRestTemplateFlood$SCallback:	
url:http://dg.duoshoujie.cn/fopai/submit.asp
params:{"fname":"张三","ftel":13049682450,"faddress":"广东省广州市天河区中山一路338号","fchanpin":"天然白玛瑙       本命佛398.0元"}
duration:331

2018-01-24 15:44:58.291 [I/O dispatcher 1] WARN  c.e.f.flood.AsyncRestTemplateFlood$SCallback:	

2018-01-24 16:12:45.903 [main] WARN  o.h.v.m.ParameterMessageInterpolator:	HV000184: ParameterMessageInterpolator has been chosen, EL interpolation will not be supported
2018-01-24 16:12:46.388 [main] WARN  o.h.v.m.ParameterMessageInterpolator:	HV000184: ParameterMessageInterpolator has been chosen, EL interpolation will not be supported
2018-01-24 16:13:07.845 [main] WARN  o.h.v.m.ParameterMessageInterpolator:	HV000184: ParameterMessageInterpolator has been chosen, EL interpolation will not be supported
2018-01-24 16:13:08.306 [main] WARN  o.h.v.m.ParameterMessageInterpolator:	HV000184: ParameterMessageInterpolator has been chosen, EL interpolation will not be supported
2018-01-24 16:13:09.025 [I/O dispatcher 1] WARN  c.e.f.flood.AsyncRestTemplateFlood$SCallback:	
url:http://dg.duoshoujie.cn/fopai/submit.asp
params:{"fname":"张三","ftel":13049682450,"faddress":"广东省广州市天河区中山一路338号","fchanpin":"天然白玛瑙       本命佛398.0元"}
duration:361

2018-01-24 16:13:09.025 [I/O dispatcher 1] WARN  c.e.f.flood.AsyncRestTemplateFlood$SCallback:	

2018-01-24 16:14:01.042 [main] WARN  o.h.v.m.ParameterMessageInterpolator:	HV000184: ParameterMessageInterpolator has been chosen, EL interpolation will not be supported
2018-01-24 16:14:01.510 [main] WARN  o.h.v.m.ParameterMessageInterpolator:	HV000184: ParameterMessageInterpolator has been chosen, EL interpolation will not be supported
2018-01-24 16:14:02.220 [I/O dispatcher 1] WARN  c.e.f.flood.AsyncRestTemplateFlood$SCallback:	
url:http://dg.duoshoujie.cn/fopai/submit.asp
params:{"fname":"张三","ftel":13049682450,"faddress":"广东省广州市天河区中山一路338号","fchanpin":"天然白玛瑙       本命佛398.0元"}
duration:373

2018-01-24 16:14:02.220 [I/O dispatcher 1] WARN  c.e.f.flood.AsyncRestTemplateFlood$SCallback:	

2018-01-24 16:14:40.213 [main] WARN  o.h.v.m.ParameterMessageInterpolator:	HV000184: ParameterMessageInterpolator has been chosen, EL interpolation will not be supported
2018-01-24 16:14:40.681 [main] WARN  o.h.v.m.ParameterMessageInterpolator:	HV000184: ParameterMessageInterpolator has been chosen, EL interpolation will not be supported
2018-01-24 16:14:41.350 [I/O dispatcher 1] WARN  c.e.f.flood.AsyncRestTemplateFlood$SCallback:	
url:http://dg.duoshoujie.cn/fopai/submit.asp
params:{"fname":"张三","ftel":13049682450,"faddress":"广东省广州市天河区中山一路338号","fchanpin":"天然白玛瑙       本命佛398.0元"}
duration:354

2018-01-24 16:14:41.350 [I/O dispatcher 1] WARN  c.e.f.flood.AsyncRestTemplateFlood$SCallback:	

2018-01-24 16:15:09.697 [main] WARN  o.h.v.m.ParameterMessageInterpolator:	HV000184: ParameterMessageInterpolator has been chosen, EL interpolation will not be supported
2018-01-24 16:15:10.157 [main] WARN  o.h.v.m.ParameterMessageInterpolator:	HV000184: ParameterMessageInterpolator has been chosen, EL interpolation will not be supported
2018-01-24 16:15:45.626 [main] WARN  o.h.v.m.ParameterMessageInterpolator:	HV000184: ParameterMessageInterpolator has been chosen, EL interpolation will not be supported
2018-01-24 16:15:46.121 [main] WARN  o.h.v.m.ParameterMessageInterpolator:	HV000184: ParameterMessageInterpolator has been chosen, EL interpolation will not be supported
2018-01-24 16:16:10.670 [main] WARN  o.h.v.m.ParameterMessageInterpolator:	HV000184: ParameterMessageInterpolator has been chosen, EL interpolation will not be supported
2018-01-24 16:16:11.186 [main] WARN  o.h.v.m.ParameterMessageInterpolator:	HV000184: ParameterMessageInterpolator has been chosen, EL interpolation will not be supported
2018-01-24 16:16:47.215 [main] WARN  o.h.v.m.ParameterMessageInterpolator:	HV000184: ParameterMessageInterpolator has been chosen, EL interpolation will not be supported
2018-01-24 16:16:47.706 [main] WARN  o.h.v.m.ParameterMessageInterpolator:	HV000184: ParameterMessageInterpolator has been chosen, EL interpolation will not be supported
2018-01-24 16:17:18.658 [main] WARN  o.h.v.m.ParameterMessageInterpolator:	HV000184: ParameterMessageInterpolator has been chosen, EL interpolation will not be supported
2018-01-24 16:17:19.113 [main] WARN  o.h.v.m.ParameterMessageInterpolator:	HV000184: ParameterMessageInterpolator has been chosen, EL interpolation will not be supported
2018-01-24 16:18:46.271 [main] WARN  o.h.v.m.ParameterMessageInterpolator:	HV000184: ParameterMessageInterpolator has been chosen, EL interpolation will not be supported
2018-01-24 16:18:46.743 [main] WARN  o.h.v.m.ParameterMessageInterpolator:	HV000184: ParameterMessageInterpolator has been chosen, EL interpolation will not be supported
2018-01-24 16:18:57.298 [main] WARN  o.h.v.m.ParameterMessageInterpolator:	HV000184: ParameterMessageInterpolator has been chosen, EL interpolation will not be supported
2018-01-24 16:18:57.789 [main] WARN  o.h.v.m.ParameterMessageInterpolator:	HV000184: ParameterMessageInterpolator has been chosen, EL interpolation will not be supported
2018-01-24 16:18:58.452 [I/O dispatcher 1] WARN  c.e.f.flood.AsyncRestTemplateFlood$SCallback:	
url:http://dg.duoshoujie.cn/fopai/submit.asp
params:{"fname":"张三","ftel":13049682450,"faddress":"广东省广州市天河区中山一路338号","fchanpin":"天然白玛瑙       本命佛398.0元"}
duration:375

2018-01-24 16:18:58.452 [I/O dispatcher 1] WARN  c.e.f.flood.AsyncRestTemplateFlood$SCallback:	

2018-01-24 16:19:37.025 [main] WARN  o.h.v.m.ParameterMessageInterpolator:	HV000184: ParameterMessageInterpolator has been chosen, EL interpolation will not be supported
2018-01-24 16:19:37.525 [main] WARN  o.h.v.m.ParameterMessageInterpolator:	HV000184: ParameterMessageInterpolator has been chosen, EL interpolation will not be supported
2018-01-24 16:19:38.199 [I/O dispatcher 1] WARN  c.e.f.flood.AsyncRestTemplateFlood$SCallback:	
url:http://dg.duoshoujie.cn/fopai/submit.asp
params:{"fname":"张三","ftel":13049682450,"faddress":"广东省广州市天河区中山一路338号","fchanpin":"天然白玛瑙       本命佛398.0元"}
duration:337

2018-01-24 16:19:38.199 [I/O dispatcher 1] WARN  c.e.f.flood.AsyncRestTemplateFlood$SCallback:	

2018-01-24 16:20:06.535 [main] WARN  o.h.v.m.ParameterMessageInterpolator:	HV000184: ParameterMessageInterpolator has been chosen, EL interpolation will not be supported
2018-01-24 16:20:07.020 [main] WARN  o.h.v.m.ParameterMessageInterpolator:	HV000184: ParameterMessageInterpolator has been chosen, EL interpolation will not be supported
2018-01-24 16:20:22.395 [main] WARN  o.h.v.m.ParameterMessageInterpolator:	HV000184: ParameterMessageInterpolator has been chosen, EL interpolation will not be supported
2018-01-24 16:20:22.875 [main] WARN  o.h.v.m.ParameterMessageInterpolator:	HV000184: ParameterMessageInterpolator has been chosen, EL interpolation will not be supported
2018-01-24 16:21:03.035 [main] WARN  o.h.v.m.ParameterMessageInterpolator:	HV000184: ParameterMessageInterpolator has been chosen, EL interpolation will not be supported
2018-01-24 16:21:03.526 [main] WARN  o.h.v.m.ParameterMessageInterpolator:	HV000184: ParameterMessageInterpolator has been chosen, EL interpolation will not be supported
2018-01-24 16:22:28.797 [main] WARN  o.h.v.m.ParameterMessageInterpolator:	HV000184: ParameterMessageInterpolator has been chosen, EL interpolation will not be supported
2018-01-24 16:22:29.307 [main] WARN  o.h.v.m.ParameterMessageInterpolator:	HV000184: ParameterMessageInterpolator has been chosen, EL interpolation will not be supported
2018-01-24 16:26:19.955 [main] WARN  o.s.c.a.AnnotationConfigApplicationContext:	Exception encountered during context initialization - cancelling refresh attempt: org.springframework.beans.factory.BeanDefinitionStoreException: Failed to parse configuration class [com.ec.formflood.FormfloodApplication]; nested exception is org.springframework.context.annotation.ConflictingBeanDefinitionException: Annotation-specified bean name 'mKmdjsmCN2' for bean class [com.ec.formflood.flood.MKmdjsmCN.MKmdjsmCN2] conflicts with existing, non-compatible bean definition of same name and class [com.ec.formflood.flood.DgDuoshoujieCN.DgDuoshoujieCN2]
2018-01-24 16:26:20.169 [main] WARN  o.s.c.a.AnnotationConfigApplicationContext:	Exception encountered during context initialization - cancelling refresh attempt: org.springframework.beans.factory.BeanDefinitionStoreException: Failed to parse configuration class [com.ec.formflood.FormfloodApplication]; nested exception is org.springframework.context.annotation.ConflictingBeanDefinitionException: Annotation-specified bean name 'mKmdjsmCN2' for bean class [com.ec.formflood.flood.MKmdjsmCN.MKmdjsmCN2] conflicts with existing, non-compatible bean definition of same name and class [com.ec.formflood.flood.DgDuoshoujieCN.DgDuoshoujieCN2]
2018-01-24 16:26:39.943 [main] WARN  o.h.v.m.ParameterMessageInterpolator:	HV000184: ParameterMessageInterpolator has been chosen, EL interpolation will not be supported
2018-01-24 16:26:40.489 [main] WARN  o.h.v.m.ParameterMessageInterpolator:	HV000184: ParameterMessageInterpolator has been chosen, EL interpolation will not be supported
2018-01-24 16:28:00.959 [main] WARN  o.h.v.m.ParameterMessageInterpolator:	HV000184: ParameterMessageInterpolator has been chosen, EL interpolation will not be supported
2018-01-24 16:28:01.482 [main] WARN  o.h.v.m.ParameterMessageInterpolator:	HV000184: ParameterMessageInterpolator has been chosen, EL interpolation will not be supported
2018-01-24 16:29:32.896 [main] WARN  o.h.v.m.ParameterMessageInterpolator:	HV000184: ParameterMessageInterpolator has been chosen, EL interpolation will not be supported
2018-01-24 16:29:33.514 [main] WARN  o.h.v.m.ParameterMessageInterpolator:	HV000184: ParameterMessageInterpolator has been chosen, EL interpolation will not be supported
2018-01-24 16:33:36.768 [main] WARN  o.h.v.m.ParameterMessageInterpolator:	HV000184: ParameterMessageInterpolator has been chosen, EL interpolation will not be supported
2018-01-24 16:33:37.512 [main] WARN  o.h.v.m.ParameterMessageInterpolator:	HV000184: ParameterMessageInterpolator has been chosen, EL interpolation will not be supported
2018-01-24 16:34:42.885 [main] WARN  o.h.v.m.ParameterMessageInterpolator:	HV000184: ParameterMessageInterpolator has been chosen, EL interpolation will not be supported
2018-01-24 16:34:43.466 [main] WARN  o.h.v.m.ParameterMessageInterpolator:	HV000184: ParameterMessageInterpolator has been chosen, EL interpolation will not be supported
2018-01-24 16:35:43.528 [main] WARN  o.h.v.m.ParameterMessageInterpolator:	HV000184: ParameterMessageInterpolator has been chosen, EL interpolation will not be supported
2018-01-24 16:35:44.091 [main] WARN  o.h.v.m.ParameterMessageInterpolator:	HV000184: ParameterMessageInterpolator has been chosen, EL interpolation will not be supported
2018-01-24 16:38:45.258 [main] WARN  o.h.v.m.ParameterMessageInterpolator:	HV000184: ParameterMessageInterpolator has been chosen, EL interpolation will not be supported
2018-01-24 16:38:45.364 [main] WARN  o.s.c.a.AnnotationConfigApplicationContext:	Exception encountered during context initialization - cancelling refresh attempt: org.springframework.beans.factory.UnsatisfiedDependencyException: Error creating bean with name 'dgDuoshoujieCN1': Unsatisfied dependency expressed through field 'product'; nested exception is org.springframework.beans.factory.NoSuchBeanDefinitionException: No qualifying bean of type 'com.ec.formflood.random.Product' available: expected at least 1 bean which qualifies as autowire candidate. Dependency annotations: {@org.springframework.beans.factory.annotation.Autowired(required=true), @org.springframework.beans.factory.annotation.Qualifier(value=mKmdjsmCNProduct)}
2018-01-24 16:38:45.754 [main] WARN  o.h.v.m.ParameterMessageInterpolator:	HV000184: ParameterMessageInterpolator has been chosen, EL interpolation will not be supported
2018-01-24 16:38:45.802 [main] WARN  o.s.c.a.AnnotationConfigApplicationContext:	Exception encountered during context initialization - cancelling refresh attempt: org.springframework.beans.factory.UnsatisfiedDependencyException: Error creating bean with name 'dgDuoshoujieCN1': Unsatisfied dependency expressed through field 'product'; nested exception is org.springframework.beans.factory.NoSuchBeanDefinitionException: No qualifying bean of type 'com.ec.formflood.random.Product' available: expected at least 1 bean which qualifies as autowire candidate. Dependency annotations: {@org.springframework.beans.factory.annotation.Autowired(required=true), @org.springframework.beans.factory.annotation.Qualifier(value=mKmdjsmCNProduct)}
2018-01-24 16:41:33.004 [main] WARN  o.h.v.m.ParameterMessageInterpolator:	HV000184: ParameterMessageInterpolator has been chosen, EL interpolation will not be supported
2018-01-24 16:41:33.497 [main] WARN  o.h.v.m.ParameterMessageInterpolator:	HV000184: ParameterMessageInterpolator has been chosen, EL interpolation will not be supported
2018-01-24 16:44:09.277 [main] WARN  o.h.v.m.ParameterMessageInterpolator:	HV000184: ParameterMessageInterpolator has been chosen, EL interpolation will not be supported
2018-01-24 16:44:09.787 [main] WARN  o.h.v.m.ParameterMessageInterpolator:	HV000184: ParameterMessageInterpolator has been chosen, EL interpolation will not be supported
2018-01-24 16:44:10.624 [I/O dispatcher 1] WARN  c.e.f.flood.AsyncRestTemplateFlood$SCallback:	
url:http://dg.duoshoujie.cn/fopai/submit.asp
params:{"fname":"张三","ftel":13049682450,"faddress":"广东省广州市天河区中山一路338号","fchanpin":"天然白玛瑙       本命佛398.0元"}
duration:360

2018-01-24 16:44:10.624 [I/O dispatcher 1] WARN  c.e.f.flood.AsyncRestTemplateFlood$SCallback:	

2018-01-24 16:44:37.514 [main] WARN  o.h.v.m.ParameterMessageInterpolator:	HV000184: ParameterMessageInterpolator has been chosen, EL interpolation will not be supported
2018-01-24 16:44:38.024 [main] WARN  o.h.v.m.ParameterMessageInterpolator:	HV000184: ParameterMessageInterpolator has been chosen, EL interpolation will not be supported
2018-01-24 16:46:22.277 [main] WARN  o.h.v.m.ParameterMessageInterpolator:	HV000184: ParameterMessageInterpolator has been chosen, EL interpolation will not be supported
2018-01-24 16:46:22.773 [main] WARN  o.h.v.m.ParameterMessageInterpolator:	HV000184: ParameterMessageInterpolator has been chosen, EL interpolation will not be supported
2018-01-24 17:15:27.547 [main] WARN  o.s.c.a.AnnotationConfigApplicationContext:	Exception thrown from LifecycleProcessor on context close
java.lang.IllegalStateException: LifecycleProcessor not initialized - call 'refresh' before invoking lifecycle methods via the context: org.springframework.context.annotation.AnnotationConfigApplicationContext@7c1e2a9e: startup date [Wed Jan 24 17:15:26 CST 2018]; root of context hierarchy
	at org.springframework.context.support.AbstractApplicationContext.getLifecycleProcessor(AbstractApplicationContext.java:417)
	at org.springframework.context.support.AbstractApplicationContext.doClose(AbstractApplicationContext.java:1002)
	at org.springframework.context.support.AbstractApplicationContext.close(AbstractApplicationContext.java:961)
	at org.springframework.boot.SpringApplication.handleRunFailure(SpringApplication.java:794)
	at org.springframework.boot.SpringApplication.run(SpringApplication.java:325)
	at org.springframework.boot.test.context.SpringBootContextLoader.loadContext(SpringBootContextLoader.java:120)
	at org.springframework.test.context.cache.DefaultCacheAwareContextLoaderDelegate.loadContextInternal(DefaultCacheAwareContextLoaderDelegate.java:98)
	at org.springframework.test.context.cache.DefaultCacheAwareContextLoaderDelegate.loadContext(DefaultCacheAwareContextLoaderDelegate.java:116)
	at org.springframework.test.context.support.DefaultTestContext.getApplicationContext(DefaultTestContext.java:83)
	at org.springframework.test.context.support.DependencyInjectionTestExecutionListener.injectDependencies(DependencyInjectionTestExecutionListener.java:117)
	at org.springframework.test.context.support.DependencyInjectionTestExecutionListener.prepareTestInstance(DependencyInjectionTestExecutionListener.java:83)
	at org.springframework.boot.test.autoconfigure.SpringBootDependencyInjectionTestExecutionListener.prepareTestInstance(SpringBootDependencyInjectionTestExecutionListener.java:44)
	at org.springframework.test.context.TestContextManager.prepareTestInstance(TestContextManager.java:230)
	at org.springframework.test.context.junit4.SpringJUnit4ClassRunner.createTest(SpringJUnit4ClassRunner.java:228)
	at org.springframework.test.context.junit4.SpringJUnit4ClassRunner$1.runReflectiveCall(SpringJUnit4ClassRunner.java:287)
	at org.junit.internal.runners.model.ReflectiveCallable.run(ReflectiveCallable.java:12)
	at org.springframework.test.context.junit4.SpringJUnit4ClassRunner.methodBlock(SpringJUnit4ClassRunner.java:289)
	at org.springframework.test.context.junit4.SpringJUnit4ClassRunner.runChild(SpringJUnit4ClassRunner.java:247)
	at org.springframework.test.context.junit4.SpringJUnit4ClassRunner.runChild(SpringJUnit4ClassRunner.java:94)
	at org.junit.runners.ParentRunner$3.run(ParentRunner.java:290)
	at org.junit.runners.ParentRunner$1.schedule(ParentRunner.java:71)
	at org.junit.runners.ParentRunner.runChildren(ParentRunner.java:288)
	at org.junit.runners.ParentRunner.access$000(ParentRunner.java:58)
	at org.junit.runners.ParentRunner$2.evaluate(ParentRunner.java:268)
	at org.springframework.test.context.junit4.statements.RunBeforeTestClassCallbacks.evaluate(RunBeforeTestClassCallbacks.java:61)
	at org.springframework.test.context.junit4.statements.RunAfterTestClassCallbacks.evaluate(RunAfterTestClassCallbacks.java:70)
	at org.junit.runners.ParentRunner.run(ParentRunner.java:363)
	at org.springframework.test.context.junit4.SpringJUnit4ClassRunner.run(SpringJUnit4ClassRunner.java:191)
	at org.eclipse.jdt.internal.junit4.runner.JUnit4TestReference.run(JUnit4TestReference.java:86)
	at org.eclipse.jdt.internal.junit.runner.TestExecution.run(TestExecution.java:38)
	at org.eclipse.jdt.internal.junit.runner.RemoteTestRunner.runTests(RemoteTestRunner.java:459)
	at org.eclipse.jdt.internal.junit.runner.RemoteTestRunner.runTests(RemoteTestRunner.java:678)
	at org.eclipse.jdt.internal.junit.runner.RemoteTestRunner.run(RemoteTestRunner.java:382)
	at org.eclipse.jdt.internal.junit.runner.RemoteTestRunner.main(RemoteTestRunner.java:192)
2018-01-24 17:18:00.690 [main] WARN  o.h.v.m.ParameterMessageInterpolator:	HV000184: ParameterMessageInterpolator has been chosen, EL interpolation will not be supported
2018-01-24 17:18:01.176 [main] WARN  o.h.v.m.ParameterMessageInterpolator:	HV000184: ParameterMessageInterpolator has been chosen, EL interpolation will not be supported
2018-01-24 17:18:02.630 [I/O dispatcher 1] WARN  c.e.f.flood.AsyncRestTemplateFlood$SCallback:	
url:http://dg.duoshoujie.cn/fopai/submit.asp
params:{"fname":"张三","ftel":13049682450,"faddress":"广东省广州市天河区中山一路338号","fchanpin":"天然白玛瑙       本命佛398.0元"}
duration:1095

2018-01-24 17:18:02.630 [I/O dispatcher 1] WARN  c.e.f.flood.AsyncRestTemplateFlood$SCallback:	

2018-01-24 17:33:37.824 [main] WARN  o.h.v.m.ParameterMessageInterpolator:	HV000184: ParameterMessageInterpolator has been chosen, EL interpolation will not be supported
2018-01-24 17:33:38.302 [main] WARN  o.h.v.m.ParameterMessageInterpolator:	HV000184: ParameterMessageInterpolator has been chosen, EL interpolation will not be supported
2018-01-24 17:33:39.041 [I/O dispatcher 1] WARN  c.e.f.flood.AsyncRestTemplateFlood$SCallback:	
url:http://dg.duoshoujie.cn/fopai/submit.asp
params:{"fname":"张三","ftel":13049682450,"faddress":"广东省广州市天河区中山一路338号","fchanpin":"天然白玛瑙       本命佛398.0元"}
duration:369

2018-01-24 17:33:39.041 [I/O dispatcher 1] WARN  c.e.f.flood.AsyncRestTemplateFlood$SCallback:	

2018-01-24 17:33:49.392 [main] WARN  o.h.v.m.ParameterMessageInterpolator:	HV000184: ParameterMessageInterpolator has been chosen, EL interpolation will not be supported
2018-01-24 17:33:49.892 [main] WARN  o.h.v.m.ParameterMessageInterpolator:	HV000184: ParameterMessageInterpolator has been chosen, EL interpolation will not be supported
2018-01-24 17:33:50.579 [I/O dispatcher 1] WARN  c.e.f.flood.AsyncRestTemplateFlood$SCallback:	
url:http://dg.duoshoujie.cn/fopai/submit.asp
params:{"fname":"张三","ftel":13049682450,"faddress":"广东省广州市天河区中山一路338号","fchanpin":"天然白玛瑙       本命佛398.0元"}
duration:351

2018-01-24 17:33:50.579 [I/O dispatcher 1] WARN  c.e.f.flood.AsyncRestTemplateFlood$SCallback:	

2018-01-24 17:34:02.486 [main] WARN  o.h.v.m.ParameterMessageInterpolator:	HV000184: ParameterMessageInterpolator has been chosen, EL interpolation will not be supported
2018-01-24 17:34:02.962 [main] WARN  o.h.v.m.ParameterMessageInterpolator:	HV000184: ParameterMessageInterpolator has been chosen, EL interpolation will not be supported
2018-01-24 17:34:34.082 [main] WARN  o.h.v.m.ParameterMessageInterpolator:	HV000184: ParameterMessageInterpolator has been chosen, EL interpolation will not be supported
2018-01-24 17:34:34.570 [main] WARN  o.h.v.m.ParameterMessageInterpolator:	HV000184: ParameterMessageInterpolator has been chosen, EL interpolation will not be supported
2018-01-24 17:34:35.272 [I/O dispatcher 1] WARN  c.e.f.flood.AsyncRestTemplateFlood$SCallback:	
url:http://dg.duoshoujie.cn/fopai/submit.asp
params:{"fname":"张三","ftel":13049682450,"faddress":"广东省广州市天河区中山一路338号","fchanpin":"天然白玛瑙       本命佛398.0元"}
duration:355

2018-01-24 17:34:35.272 [I/O dispatcher 1] WARN  c.e.f.flood.AsyncRestTemplateFlood$SCallback:	

2018-01-24 17:34:59.056 [main] WARN  o.h.v.m.ParameterMessageInterpolator:	HV000184: ParameterMessageInterpolator has been chosen, EL interpolation will not be supported
2018-01-24 17:34:59.528 [main] WARN  o.h.v.m.ParameterMessageInterpolator:	HV000184: ParameterMessageInterpolator has been chosen, EL interpolation will not be supported
2018-01-24 17:35:05.511 [I/O dispatcher 1] WARN  c.e.f.flood.AsyncRestTemplateFlood$SCallback:	
url:http://dg.duoshoujie.cn/fopai/submit.asp
params:{"fname":"张三","ftel":13049682450,"faddress":"广东省广州市天河区中山一路338号","fchanpin":"天然白玛瑙       本命佛398.0元"}
duration:5696

2018-01-24 17:35:05.512 [I/O dispatcher 1] WARN  c.e.f.flood.AsyncRestTemplateFlood$SCallback:	

2018-01-24 17:40:33.667 [main] WARN  o.h.v.m.ParameterMessageInterpolator:	HV000184: ParameterMessageInterpolator has been chosen, EL interpolation will not be supported
2018-01-24 17:40:34.154 [main] WARN  o.h.v.m.ParameterMessageInterpolator:	HV000184: ParameterMessageInterpolator has been chosen, EL interpolation will not be supported
2018-01-24 17:40:34.875 [I/O dispatcher 1] WARN  c.e.f.flood.AsyncRestTemplateFlood$SCallback:	
url:http://dg.duoshoujie.cn/fopai/submit.asp
params:{"fname":"张三","ftel":13049682450,"faddress":"广东省广州市天河区中山一路338号","fchanpin":"天然白玛瑙       本命佛398.0元"}
duration:359

2018-01-24 17:40:34.875 [I/O dispatcher 1] WARN  c.e.f.flood.AsyncRestTemplateFlood$SCallback:	

2018-01-24 17:40:48.842 [main] WARN  o.h.v.m.ParameterMessageInterpolator:	HV000184: ParameterMessageInterpolator has been chosen, EL interpolation will not be supported
2018-01-24 17:40:49.326 [main] WARN  o.h.v.m.ParameterMessageInterpolator:	HV000184: ParameterMessageInterpolator has been chosen, EL interpolation will not be supported
2018-01-24 17:40:50.004 [I/O dispatcher 1] WARN  c.e.f.flood.AsyncRestTemplateFlood$SCallback:	
url:http://dg.duoshoujie.cn/fopai/submit.asp
params:{"fname":"张三","ftel":13049682450,"faddress":"广东省广州市天河区中山一路338号","fchanpin":"天然白玛瑙       本命佛398.0元"}
duration:341

2018-01-24 17:40:50.005 [I/O dispatcher 1] WARN  c.e.f.flood.AsyncRestTemplateFlood$SCallback:	

2018-01-24 17:41:48.509 [main] WARN  o.h.v.m.ParameterMessageInterpolator:	HV000184: ParameterMessageInterpolator has been chosen, EL interpolation will not be supported
2018-01-24 17:41:48.988 [main] WARN  o.h.v.m.ParameterMessageInterpolator:	HV000184: ParameterMessageInterpolator has been chosen, EL interpolation will not be supported
2018-01-24 17:41:49.675 [I/O dispatcher 1] WARN  c.e.f.flood.AsyncRestTemplateFlood$SCallback:	
url:http://dg.duoshoujie.cn/fopai/submit.asp
params:{"fname":"张三","ftel":13049682450,"faddress":"广东省广州市天河区中山一路338号","fchanpin":"天然白玛瑙       本命佛398.0元"}
duration:384

2018-01-24 17:41:49.675 [I/O dispatcher 1] WARN  c.e.f.flood.AsyncRestTemplateFlood$SCallback:	

2018-01-24 17:46:40.271 [main] WARN  o.h.v.m.ParameterMessageInterpolator:	HV000184: ParameterMessageInterpolator has been chosen, EL interpolation will not be supported
2018-01-24 17:46:40.756 [main] WARN  o.h.v.m.ParameterMessageInterpolator:	HV000184: ParameterMessageInterpolator has been chosen, EL interpolation will not be supported
2018-01-24 17:46:41.468 [I/O dispatcher 1] WARN  c.e.f.flood.AsyncRestTemplateFlood$SCallback:	
url:http://dg.duoshoujie.cn/fopai/submit.asp
params:{"fname":"张三","ftel":13049682450,"faddress":"广东省广州市天河区中山一路338号","fchanpin":"天然白玛瑙       本命佛398.0元"}
duration:333

2018-01-24 17:46:41.468 [I/O dispatcher 1] WARN  c.e.f.flood.AsyncRestTemplateFlood$SCallback:	

2018-01-24 17:47:11.064 [main] WARN  o.h.v.m.ParameterMessageInterpolator:	HV000184: ParameterMessageInterpolator has been chosen, EL interpolation will not be supported
2018-01-24 17:47:11.537 [main] WARN  o.h.v.m.ParameterMessageInterpolator:	HV000184: ParameterMessageInterpolator has been chosen, EL interpolation will not be supported
2018-01-24 17:47:12.176 [I/O dispatcher 1] WARN  c.e.f.flood.AsyncRestTemplateFlood$SCallback:	
url:http://dg.duoshoujie.cn/fopai/submit.asp
params:{"fname":"张三","ftel":13049682450,"faddress":"广东省广州市天河区中山一路338号","fchanpin":"天然白玛瑙       本命佛398.0元"}
duration:344

2018-01-24 17:47:12.176 [I/O dispatcher 1] WARN  c.e.f.flood.AsyncRestTemplateFlood$SCallback:	

2018-01-24 17:49:25.038 [main] WARN  o.h.v.m.ParameterMessageInterpolator:	HV000184: ParameterMessageInterpolator has been chosen, EL interpolation will not be supported
2018-01-24 17:49:25.513 [main] WARN  o.h.v.m.ParameterMessageInterpolator:	HV000184: ParameterMessageInterpolator has been chosen, EL interpolation will not be supported
2018-01-24 17:49:26.284 [I/O dispatcher 1] WARN  c.e.f.flood.AsyncRestTemplateFlood$SCallback:	
url:http://dg.duoshoujie.cn/fopai/submit.asp
params:{"fname":"张三","ftel":13049682450,"faddress":"广东省广州市天河区中山一路338号","fchanpin":"天然白玛瑙       本命佛398.0元"}
duration:342

2018-01-24 17:49:26.284 [I/O dispatcher 1] WARN  c.e.f.flood.AsyncRestTemplateFlood$SCallback:	

2018-01-24 17:51:23.159 [main] WARN  o.h.v.m.ParameterMessageInterpolator:	HV000184: ParameterMessageInterpolator has been chosen, EL interpolation will not be supported
2018-01-24 17:51:23.660 [main] WARN  o.h.v.m.ParameterMessageInterpolator:	HV000184: ParameterMessageInterpolator has been chosen, EL interpolation will not be supported
2018-01-24 17:52:38.602 [main] WARN  o.h.v.m.ParameterMessageInterpolator:	HV000184: ParameterMessageInterpolator has been chosen, EL interpolation will not be supported
2018-01-24 17:52:39.246 [main] WARN  o.h.v.m.ParameterMessageInterpolator:	HV000184: ParameterMessageInterpolator has been chosen, EL interpolation will not be supported
2018-01-24 17:54:14.530 [main] WARN  o.h.v.m.ParameterMessageInterpolator:	HV000184: ParameterMessageInterpolator has been chosen, EL interpolation will not be supported
2018-01-24 17:54:15.018 [main] WARN  o.h.v.m.ParameterMessageInterpolator:	HV000184: ParameterMessageInterpolator has been chosen, EL interpolation will not be supported
2018-01-24 17:54:46.247 [main] WARN  o.h.v.m.ParameterMessageInterpolator:	HV000184: ParameterMessageInterpolator has been chosen, EL interpolation will not be supported
2018-01-24 17:54:46.726 [main] WARN  o.h.v.m.ParameterMessageInterpolator:	HV000184: ParameterMessageInterpolator has been chosen, EL interpolation will not be supported
2018-01-24 17:54:47.253 [I/O dispatcher 1] WARN  c.e.f.flood.AsyncRestTemplateFlood$SCallback:	
url:http://dg.duoshoujie.cn/fopai/submit.asp
params:{"fname":"张三","ftel":13049682450,"faddress":"广东省广州市天河区中山一路338号","fchanpin":"天然白玛瑙       本命佛398.0元"}
proxy:123.207.25.143,3128,HTTPS,null,null
duration:171

2018-01-24 17:54:47.253 [I/O dispatcher 1] WARN  c.e.f.flood.AsyncRestTemplateFlood$SCallback:	

2018-01-24 17:55:10.379 [main] WARN  o.h.v.m.ParameterMessageInterpolator:	HV000184: ParameterMessageInterpolator has been chosen, EL interpolation will not be supported
2018-01-24 17:55:10.859 [main] WARN  o.h.v.m.ParameterMessageInterpolator:	HV000184: ParameterMessageInterpolator has been chosen, EL interpolation will not be supported
2018-01-24 17:55:11.551 [I/O dispatcher 1] WARN  c.e.f.flood.AsyncRestTemplateFlood$SCallback:	
url:http://dg.duoshoujie.cn/fopai/submit.asp
params:{"fname":"张三","ftel":13049682450,"faddress":"广东省广州市天河区中山一路338号","fchanpin":"天然白玛瑙       本命佛398.0元"}
duration:362

2018-01-24 17:55:11.551 [I/O dispatcher 1] WARN  c.e.f.flood.AsyncRestTemplateFlood$SCallback:	

2018-01-24 17:55:24.986 [main] WARN  o.h.v.m.ParameterMessageInterpolator:	HV000184: ParameterMessageInterpolator has been chosen, EL interpolation will not be supported
2018-01-24 17:55:25.479 [main] WARN  o.h.v.m.ParameterMessageInterpolator:	HV000184: ParameterMessageInterpolator has been chosen, EL interpolation will not be supported
2018-01-24 17:55:25.979 [I/O dispatcher 1] WARN  c.e.f.flood.AsyncRestTemplateFlood$SCallback:	
url:http://dg.duoshoujie.cn/fopai/submit.asp
params:{"fname":"张三","ftel":13049682450,"faddress":"广东省广州市天河区中山一路338号","fchanpin":"天然白玛瑙       本命佛398.0元"}
proxy:123.207.25.143,3128,HTTPS,null,null
duration:185

2018-01-24 17:55:25.980 [I/O dispatcher 1] WARN  c.e.f.flood.AsyncRestTemplateFlood$SCallback:	

2018-01-24 17:57:00.517 [main] WARN  o.h.v.m.ParameterMessageInterpolator:	HV000184: ParameterMessageInterpolator has been chosen, EL interpolation will not be supported
2018-01-24 17:57:01.008 [main] WARN  o.h.v.m.ParameterMessageInterpolator:	HV000184: ParameterMessageInterpolator has been chosen, EL interpolation will not be supported
2018-01-24 17:57:01.708 [I/O dispatcher 1] WARN  c.e.f.flood.AsyncRestTemplateFlood$SCallback:	
url:http://dg.duoshoujie.cn/fopai/submit.asp
params:{"fname":"张三","ftel":13049682450,"faddress":"广东省广州市天河区中山一路338号","fchanpin":"天然白玛瑙       本命佛398.0元"}
duration:346

2018-01-24 17:57:01.708 [I/O dispatcher 1] WARN  c.e.f.flood.AsyncRestTemplateFlood$SCallback:	

2018-01-24 17:57:16.863 [main] WARN  o.h.v.m.ParameterMessageInterpolator:	HV000184: ParameterMessageInterpolator has been chosen, EL interpolation will not be supported
2018-01-24 17:57:17.353 [main] WARN  o.h.v.m.ParameterMessageInterpolator:	HV000184: ParameterMessageInterpolator has been chosen, EL interpolation will not be supported
2018-01-24 17:57:18.503 [I/O dispatcher 1] WARN  c.e.f.flood.AsyncRestTemplateFlood$SCallback:	
url:http://dg.duoshoujie.cn/fopai/submit.asp
params:{"fname":"张三","ftel":13049682450,"faddress":"广东省广州市天河区中山一路338号","fchanpin":"天然白玛瑙       本命佛398.0元"}
proxy:123.207.25.143,3128,HTTPS,null,null
duration:794

2018-01-24 17:57:18.503 [I/O dispatcher 1] WARN  c.e.f.flood.AsyncRestTemplateFlood$SCallback:	

2018-01-24 18:11:21.523 [main] WARN  o.h.v.m.ParameterMessageInterpolator:	HV000184: ParameterMessageInterpolator has been chosen, EL interpolation will not be supported
2018-01-24 18:11:22.075 [main] WARN  o.h.v.m.ParameterMessageInterpolator:	HV000184: ParameterMessageInterpolator has been chosen, EL interpolation will not be supported
2018-01-24 18:12:02.284 [main] WARN  o.h.v.m.ParameterMessageInterpolator:	HV000184: ParameterMessageInterpolator has been chosen, EL interpolation will not be supported
2018-01-24 18:12:02.784 [main] WARN  o.h.v.m.ParameterMessageInterpolator:	HV000184: ParameterMessageInterpolator has been chosen, EL interpolation will not be supported
2018-01-24 18:12:50.253 [main] WARN  o.h.v.m.ParameterMessageInterpolator:	HV000184: ParameterMessageInterpolator has been chosen, EL interpolation will not be supported
2018-01-24 18:12:50.722 [main] WARN  o.h.v.m.ParameterMessageInterpolator:	HV000184: ParameterMessageInterpolator has been chosen, EL interpolation will not be supported
2018-01-24 18:15:31.269 [main] WARN  o.h.v.m.ParameterMessageInterpolator:	HV000184: ParameterMessageInterpolator has been chosen, EL interpolation will not be supported
2018-01-24 18:15:31.736 [main] WARN  o.h.v.m.ParameterMessageInterpolator:	HV000184: ParameterMessageInterpolator has been chosen, EL interpolation will not be supported
2018-01-24 18:16:16.777 [main] WARN  o.h.v.m.ParameterMessageInterpolator:	HV000184: ParameterMessageInterpolator has been chosen, EL interpolation will not be supported
2018-01-24 18:16:17.271 [main] WARN  o.h.v.m.ParameterMessageInterpolator:	HV000184: ParameterMessageInterpolator has been chosen, EL interpolation will not be supported
