2018-01-19 14:20:13.942 [main] WARN  o.h.v.m.ParameterMessageInterpolator:	HV000184: ParameterMessageInterpolator has been chosen, EL interpolation will not be supported
2018-01-19 14:20:14.082 [main] WARN  o.h.v.m.ParameterMessageInterpolator:	HV000184: ParameterMessageInterpolator has been chosen, EL interpolation will not be supported
2018-01-19 14:21:49.159 [main] WARN  o.h.v.m.ParameterMessageInterpolator:	HV000184: ParameterMessageInterpolator has been chosen, EL interpolation will not be supported
2018-01-19 14:21:49.304 [main] WARN  o.h.v.m.ParameterMessageInterpolator:	HV000184: ParameterMessageInterpolator has been chosen, EL interpolation will not be supported
2018-01-19 14:25:34.247 [main] WARN  o.h.v.m.ParameterMessageInterpolator:	HV000184: ParameterMessageInterpolator has been chosen, EL interpolation will not be supported
2018-01-19 14:25:34.395 [main] WARN  o.h.v.m.ParameterMessageInterpolator:	HV000184: ParameterMessageInterpolator has been chosen, EL interpolation will not be supported
2018-01-19 14:26:33.314 [main] WARN  o.h.v.m.ParameterMessageInterpolator:	HV000184: ParameterMessageInterpolator has been chosen, EL interpolation will not be supported
2018-01-19 14:26:33.453 [main] WARN  o.h.v.m.ParameterMessageInterpolator:	HV000184: ParameterMessageInterpolator has been chosen, EL interpolation will not be supported
2018-01-19 14:27:15.922 [main] WARN  o.h.v.m.ParameterMessageInterpolator:	HV000184: ParameterMessageInterpolator has been chosen, EL interpolation will not be supported
2018-01-19 14:27:16.035 [main] WARN  o.h.v.m.ParameterMessageInterpolator:	HV000184: ParameterMessageInterpolator has been chosen, EL interpolation will not be supported
2018-01-19 14:27:49.787 [main] WARN  o.h.v.m.ParameterMessageInterpolator:	HV000184: ParameterMessageInterpolator has been chosen, EL interpolation will not be supported
2018-01-19 14:27:49.902 [main] WARN  o.h.v.m.ParameterMessageInterpolator:	HV000184: ParameterMessageInterpolator has been chosen, EL interpolation will not be supported
2018-01-19 14:53:00.277 [main] WARN  o.h.v.m.ParameterMessageInterpolator:	HV000184: ParameterMessageInterpolator has been chosen, EL interpolation will not be supported
2018-01-19 14:53:00.397 [main] WARN  o.h.v.m.ParameterMessageInterpolator:	HV000184: ParameterMessageInterpolator has been chosen, EL interpolation will not be supported
2018-01-19 14:54:31.826 [main] WARN  o.h.v.m.ParameterMessageInterpolator:	HV000184: ParameterMessageInterpolator has been chosen, EL interpolation will not be supported
2018-01-19 14:54:31.942 [main] WARN  o.h.v.m.ParameterMessageInterpolator:	HV000184: ParameterMessageInterpolator has been chosen, EL interpolation will not be supported
2018-01-19 14:56:32.665 [main] WARN  o.h.v.m.ParameterMessageInterpolator:	HV000184: ParameterMessageInterpolator has been chosen, EL interpolation will not be supported
2018-01-19 14:56:32.840 [main] WARN  o.h.v.m.ParameterMessageInterpolator:	HV000184: ParameterMessageInterpolator has been chosen, EL interpolation will not be supported
2018-01-19 15:00:48.585 [main] WARN  o.h.v.m.ParameterMessageInterpolator:	HV000184: ParameterMessageInterpolator has been chosen, EL interpolation will not be supported
2018-01-19 15:00:48.719 [main] WARN  o.h.v.m.ParameterMessageInterpolator:	HV000184: ParameterMessageInterpolator has been chosen, EL interpolation will not be supported
2018-01-19 15:03:23.567 [main] WARN  o.h.v.m.ParameterMessageInterpolator:	HV000184: ParameterMessageInterpolator has been chosen, EL interpolation will not be supported
2018-01-19 15:03:23.689 [main] WARN  o.h.v.m.ParameterMessageInterpolator:	HV000184: ParameterMessageInterpolator has been chosen, EL interpolation will not be supported
2018-01-19 15:07:58.775 [main] WARN  o.h.v.m.ParameterMessageInterpolator:	HV000184: ParameterMessageInterpolator has been chosen, EL interpolation will not be supported
2018-01-19 15:07:58.900 [main] WARN  o.h.v.m.ParameterMessageInterpolator:	HV000184: ParameterMessageInterpolator has been chosen, EL interpolation will not be supported
2018-01-19 15:09:21.080 [main] WARN  o.h.v.m.ParameterMessageInterpolator:	HV000184: ParameterMessageInterpolator has been chosen, EL interpolation will not be supported
2018-01-19 15:09:21.200 [main] WARN  o.h.v.m.ParameterMessageInterpolator:	HV000184: ParameterMessageInterpolator has been chosen, EL interpolation will not be supported
2018-01-19 15:10:21.539 [main] WARN  o.h.v.m.ParameterMessageInterpolator:	HV000184: ParameterMessageInterpolator has been chosen, EL interpolation will not be supported
2018-01-19 15:10:21.658 [main] WARN  o.h.v.m.ParameterMessageInterpolator:	HV000184: ParameterMessageInterpolator has been chosen, EL interpolation will not be supported
2018-01-19 15:11:16.324 [main] WARN  o.h.v.m.ParameterMessageInterpolator:	HV000184: ParameterMessageInterpolator has been chosen, EL interpolation will not be supported
2018-01-19 15:11:16.455 [main] WARN  o.h.v.m.ParameterMessageInterpolator:	HV000184: ParameterMessageInterpolator has been chosen, EL interpolation will not be supported
2018-01-19 15:27:41.313 [main] WARN  o.h.v.m.ParameterMessageInterpolator:	HV000184: ParameterMessageInterpolator has been chosen, EL interpolation will not be supported
2018-01-19 15:27:41.454 [main] WARN  o.h.v.m.ParameterMessageInterpolator:	HV000184: ParameterMessageInterpolator has been chosen, EL interpolation will not be supported
2018-01-19 15:27:41.741 [I/O dispatcher 1] WARN  com.ec.formflood.flood.Flood$SCallback:	
url:http://192.168.1.50:8081/dispatcher/
params:{"fname":"张三","ftel":13049682450,"faddress":"广东省广州市天河区中山一路338号","fchanpin":"天然白玛瑙       本命佛398.0元"}
duration:110
result:<200 OK,<!DOCTYPE html>

<html>
<head lang="en">
<meta charset="UTF-8" />
<title></title>
</head>
<body>
	<div>
	<h1> 
	
	
	<div style="float: left;">
	Strategy:
	&nbsp;&nbsp;&nbsp;&nbsp;   
	<a href="/dispatcher/strategy">103000</a>  
	&nbsp;&nbsp;&nbsp;&nbsp; 
	</div>
	
	
	<div style="float: left;">
	Timeout:
	&nbsp;&nbsp;&nbsp;&nbsp;   
	<a href="/dispatcher/strategy">100000</a>  
	&nbsp;&nbsp;&nbsp;&nbsp; 
	</div>
	
	
	<div style="float: left;">
	<form method="get" action="/dispatcher/strategy">
		<input type="submit" title="Edit" value="Edit" />
	</form>
	</div>
	
	</h1>
	</div>
	
	<br />
	<br />
	<br />
	<br />
	<hr />
	
	 
	
	
	<div>
		
		<h1><div style="float: left;">
			DSP-Options
			&nbsp;&nbsp;&nbsp;&nbsp; 
			&nbsp;&nbsp;&nbsp;&nbsp; 
			&nbsp;&nbsp;&nbsp; 
		</div>
		<div style="float: left;">
		<form method="get" action="/dispatcher/dspoptions">
			<input type="submit" title="Edit" value="Edit" />
		</form>
		</div>
		</h1>
	
	</div>
	
	 
	
	<br />
	<br />


	<table>
	<thead>
		<tr>
			<th>DSP-ID</th>
			<th>Channel-ID</th>
			<th>Token</th>
			<th>URL</th>
			<th>Test-Mode</th>
			
		</tr>
	</thead>
	<tbody>
		<tr>
			<td>101</td>
			<td>test</td>
			<td>cWZvuPKvD8G4o6g9mf08bLVCG8IYqCJyu-knSl3FbOQ</td>
			<td>http://123.56.176.83:8082/erasmus/zmt/ad/request.do</td>
			<td>1</td>
		</tr>
		<tr>
			<td>102</td>
			<td>dianpingmedia</td>
			<td>H9uFvW2rFJJQ1WulxOEww12woBv3VPDHM4x3ZKD5pbdoh8_st9xIxbpZWaxd6owl</td>
			<td>http://ssp.zmeng123.com/zmt/ad/request.do</td>
			<td></td>
		</tr>
	</tbody>
	</table> 






</body>
</html>,{X-Application-Context=[dispatcher:8081], Content-Type=[text/html;charset=UTF-8], Content-Language=[en-US], Transfer-Encoding=[chunked], Date=[Fri, 19 Jan 2018 07:37:36 GMT]}>


2018-01-19 16:17:56.946 [main] WARN  o.h.v.m.ParameterMessageInterpolator:	HV000184: ParameterMessageInterpolator has been chosen, EL interpolation will not be supported
2018-01-19 16:17:57.087 [main] WARN  o.h.v.m.ParameterMessageInterpolator:	HV000184: ParameterMessageInterpolator has been chosen, EL interpolation will not be supported
2018-01-19 16:20:26.177 [main] WARN  o.h.v.m.ParameterMessageInterpolator:	HV000184: ParameterMessageInterpolator has been chosen, EL interpolation will not be supported
2018-01-19 16:20:26.317 [main] WARN  o.h.v.m.ParameterMessageInterpolator:	HV000184: ParameterMessageInterpolator has been chosen, EL interpolation will not be supported
2018-01-19 16:21:03.700 [main] WARN  o.h.v.m.ParameterMessageInterpolator:	HV000184: ParameterMessageInterpolator has been chosen, EL interpolation will not be supported
2018-01-19 16:21:03.826 [main] WARN  o.h.v.m.ParameterMessageInterpolator:	HV000184: ParameterMessageInterpolator has been chosen, EL interpolation will not be supported
2018-01-19 16:22:01.045 [main] WARN  o.h.v.m.ParameterMessageInterpolator:	HV000184: ParameterMessageInterpolator has been chosen, EL interpolation will not be supported
2018-01-19 16:22:01.158 [main] WARN  o.h.v.m.ParameterMessageInterpolator:	HV000184: ParameterMessageInterpolator has been chosen, EL interpolation will not be supported
2018-01-19 16:23:00.355 [main] WARN  o.h.v.m.ParameterMessageInterpolator:	HV000184: ParameterMessageInterpolator has been chosen, EL interpolation will not be supported
2018-01-19 16:23:00.467 [main] WARN  o.h.v.m.ParameterMessageInterpolator:	HV000184: ParameterMessageInterpolator has been chosen, EL interpolation will not be supported
2018-01-19 16:40:27.202 [main] WARN  o.h.v.m.ParameterMessageInterpolator:	HV000184: ParameterMessageInterpolator has been chosen, EL interpolation will not be supported
2018-01-19 16:40:27.316 [main] WARN  o.h.v.m.ParameterMessageInterpolator:	HV000184: ParameterMessageInterpolator has been chosen, EL interpolation will not be supported
2018-01-19 16:42:11.852 [main] WARN  o.h.v.m.ParameterMessageInterpolator:	HV000184: ParameterMessageInterpolator has been chosen, EL interpolation will not be supported
2018-01-19 16:42:11.970 [main] WARN  o.h.v.m.ParameterMessageInterpolator:	HV000184: ParameterMessageInterpolator has been chosen, EL interpolation will not be supported
2018-01-19 16:51:27.903 [main] WARN  o.h.v.m.ParameterMessageInterpolator:	HV000184: ParameterMessageInterpolator has been chosen, EL interpolation will not be supported
2018-01-19 16:51:28.020 [main] WARN  o.h.v.m.ParameterMessageInterpolator:	HV000184: ParameterMessageInterpolator has been chosen, EL interpolation will not be supported
2018-01-19 16:51:28.261 [I/O dispatcher 1] WARN  com.ec.formflood.flood.FloodGeneric$SCallback:	
url:http://192.168.1.50:8081/dispatcher/
params:{"fname":"张三","ftel":13049682450,"faddress":"广东省广州市天河区中山一路338号","fchanpin":"天然白玛瑙       本命佛398.0元"}
duration:46
result:<200 OK,<!DOCTYPE html>

<html>
<head lang="en">
<meta charset="UTF-8" />
<title></title>
</head>
<body>
	<div>
	<h1> 
	
	
	<div style="float: left;">
	Strategy:
	&nbsp;&nbsp;&nbsp;&nbsp;   
	<a href="/dispatcher/strategy">103000</a>  
	&nbsp;&nbsp;&nbsp;&nbsp; 
	</div>
	
	
	<div style="float: left;">
	Timeout:
	&nbsp;&nbsp;&nbsp;&nbsp;   
	<a href="/dispatcher/strategy">100000</a>  
	&nbsp;&nbsp;&nbsp;&nbsp; 
	</div>
	
	
	<div style="float: left;">
	<form method="get" action="/dispatcher/strategy">
		<input type="submit" title="Edit" value="Edit" />
	</form>
	</div>
	
	</h1>
	</div>
	
	<br />
	<br />
	<br />
	<br />
	<hr />
	
	 
	
	
	<div>
		
		<h1><div style="float: left;">
			DSP-Options
			&nbsp;&nbsp;&nbsp;&nbsp; 
			&nbsp;&nbsp;&nbsp;&nbsp; 
			&nbsp;&nbsp;&nbsp; 
		</div>
		<div style="float: left;">
		<form method="get" action="/dispatcher/dspoptions">
			<input type="submit" title="Edit" value="Edit" />
		</form>
		</div>
		</h1>
	
	</div>
	
	 
	
	<br />
	<br />


	<table>
	<thead>
		<tr>
			<th>DSP-ID</th>
			<th>Channel-ID</th>
			<th>Token</th>
			<th>URL</th>
			<th>Test-Mode</th>
			
		</tr>
	</thead>
	<tbody>
		<tr>
			<td>101</td>
			<td>test</td>
			<td>cWZvuPKvD8G4o6g9mf08bLVCG8IYqCJyu-knSl3FbOQ</td>
			<td>http://123.56.176.83:8082/erasmus/zmt/ad/request.do</td>
			<td>1</td>
		</tr>
		<tr>
			<td>102</td>
			<td>dianpingmedia</td>
			<td>H9uFvW2rFJJQ1WulxOEww12woBv3VPDHM4x3ZKD5pbdoh8_st9xIxbpZWaxd6owl</td>
			<td>http://ssp.zmeng123.com/zmt/ad/request.do</td>
			<td></td>
		</tr>
	</tbody>
	</table> 






</body>
</html>,{X-Application-Context=[dispatcher:8081], Content-Type=[text/html;charset=UTF-8], Content-Language=[en-US], Transfer-Encoding=[chunked], Date=[Fri, 19 Jan 2018 09:01:23 GMT]}>


2018-01-19 16:58:09.119 [main] WARN  o.h.v.m.ParameterMessageInterpolator:	HV000184: ParameterMessageInterpolator has been chosen, EL interpolation will not be supported
2018-01-19 16:58:09.265 [main] WARN  o.h.v.m.ParameterMessageInterpolator:	HV000184: ParameterMessageInterpolator has been chosen, EL interpolation will not be supported
2018-01-19 16:58:09.526 [I/O dispatcher 1] WARN  com.ec.formflood.flood.FloodGeneric$SCallback:	
url:http://192.168.1.50:8081/dispatcher/
params:{"fname":"张三","ftel":13049682450,"faddress":"广东省广州市天河区中山一路338号","fchanpin":"天然白玛瑙       本命佛398.0元"}
duration:76


2018-01-19 17:06:07.094 [main] WARN  o.h.v.m.ParameterMessageInterpolator:	HV000184: ParameterMessageInterpolator has been chosen, EL interpolation will not be supported
2018-01-19 17:06:07.207 [main] WARN  o.h.v.m.ParameterMessageInterpolator:	HV000184: ParameterMessageInterpolator has been chosen, EL interpolation will not be supported
2018-01-19 17:06:07.432 [I/O dispatcher 1] WARN  com.ec.formflood.flood.FloodGeneric$SCallback:	
url:http://192.168.1.50:8081/dispatcher/
params:{"fname":"张三","ftel":13049682450,"faddress":"广东省广州市天河区中山一路338号","fchanpin":"天然白玛瑙       本命佛398.0元"}
duration:75


2018-01-19 17:06:56.849 [main] WARN  o.h.v.m.ParameterMessageInterpolator:	HV000184: ParameterMessageInterpolator has been chosen, EL interpolation will not be supported
2018-01-19 17:06:56.964 [main] WARN  o.h.v.m.ParameterMessageInterpolator:	HV000184: ParameterMessageInterpolator has been chosen, EL interpolation will not be supported
2018-01-19 17:06:57.186 [I/O dispatcher 1] WARN  com.ec.formflood.flood.FloodGeneric$SCallback:	
url:http://192.168.1.50:8081/dispatcher/
params:{"fname":"张三","ftel":13049682450,"faddress":"广东省广州市天河区中山一路338号","fchanpin":"天然白玛瑙       本命佛398.0元"}
duration:65


2018-01-19 17:07:55.747 [main] WARN  o.h.v.m.ParameterMessageInterpolator:	HV000184: ParameterMessageInterpolator has been chosen, EL interpolation will not be supported
2018-01-19 17:07:55.874 [main] WARN  o.h.v.m.ParameterMessageInterpolator:	HV000184: ParameterMessageInterpolator has been chosen, EL interpolation will not be supported
2018-01-19 17:07:56.121 [I/O dispatcher 1] WARN  com.ec.formflood.flood.FloodGeneric$SCallback:	
url:http://192.168.1.50:8081/dispatcher/
params:{"fname":"张三","ftel":13049682450,"faddress":"广东省广州市天河区中山一路338号","fchanpin":"天然白玛瑙       本命佛398.0元"}
duration:83


2018-01-19 17:12:00.853 [main] WARN  o.h.v.m.ParameterMessageInterpolator:	HV000184: ParameterMessageInterpolator has been chosen, EL interpolation will not be supported
2018-01-19 17:12:00.996 [main] WARN  o.h.v.m.ParameterMessageInterpolator:	HV000184: ParameterMessageInterpolator has been chosen, EL interpolation will not be supported
2018-01-19 17:12:01.291 [I/O dispatcher 1] WARN  com.ec.formflood.flood.FloodGeneric$SCallback:	
url:http://192.168.1.50:8081/dispatcher/
params:{"fname":"张三","ftel":13049682450,"faddress":"广东省广州市天河区中山一路338号","fchanpin":"天然白玛瑙       本命佛398.0元"}
duration:78

2018-01-19 17:12:01.291 [I/O dispatcher 1] WARN  com.ec.formflood.flood.FloodGeneric$SCallback:	

2018-01-19 17:14:07.058 [main] WARN  o.h.v.m.ParameterMessageInterpolator:	HV000184: ParameterMessageInterpolator has been chosen, EL interpolation will not be supported
2018-01-19 17:14:07.172 [main] WARN  o.h.v.m.ParameterMessageInterpolator:	HV000184: ParameterMessageInterpolator has been chosen, EL interpolation will not be supported
2018-01-19 17:14:47.139 [main] WARN  o.h.v.m.ParameterMessageInterpolator:	HV000184: ParameterMessageInterpolator has been chosen, EL interpolation will not be supported
2018-01-19 17:14:47.253 [main] WARN  o.h.v.m.ParameterMessageInterpolator:	HV000184: ParameterMessageInterpolator has been chosen, EL interpolation will not be supported
2018-01-19 17:14:48.392 [I/O dispatcher 1] WARN  com.ec.formflood.flood.FloodGeneric$SCallback:	
url:http://m.kmdjsm.cn/fopai/sub.asp
params:{"fname":"张三","ftel":13049682450,"faddress":"广东省广州市天河区中山一路338号","fchanpin":"天然白玛瑙       本命佛398.0元"}
duration:987

2018-01-19 17:14:48.392 [I/O dispatcher 1] WARN  com.ec.formflood.flood.FloodGeneric$SCallback:	

2018-01-19 17:23:50.818 [main] WARN  o.h.v.m.ParameterMessageInterpolator:	HV000184: ParameterMessageInterpolator has been chosen, EL interpolation will not be supported
2018-01-19 17:23:50.932 [main] WARN  o.h.v.m.ParameterMessageInterpolator:	HV000184: ParameterMessageInterpolator has been chosen, EL interpolation will not be supported
2018-01-19 17:23:52.081 [I/O dispatcher 1] WARN  com.ec.formflood.flood.FloodGeneric$SCallback:	
url:http://m.kmdjsm.cn/fopai/sub.asp
params:{"fname":"张三","ftel":13049682450,"faddress":"广东省广州市天河区中山一路338号","fchanpin":"天然白玛瑙       本命佛398.0元"}
duration:977

2018-01-19 17:23:52.081 [I/O dispatcher 1] WARN  com.ec.formflood.flood.FloodGeneric$SCallback:	

2018-01-19 17:38:28.427 [main] WARN  o.h.v.m.ParameterMessageInterpolator:	HV000184: ParameterMessageInterpolator has been chosen, EL interpolation will not be supported
2018-01-19 17:38:28.599 [main] WARN  o.h.v.m.ParameterMessageInterpolator:	HV000184: ParameterMessageInterpolator has been chosen, EL interpolation will not be supported
2018-01-19 17:40:41.971 [main] WARN  o.h.v.m.ParameterMessageInterpolator:	HV000184: ParameterMessageInterpolator has been chosen, EL interpolation will not be supported
2018-01-19 17:40:42.097 [main] WARN  o.h.v.m.ParameterMessageInterpolator:	HV000184: ParameterMessageInterpolator has been chosen, EL interpolation will not be supported
2018-01-19 17:40:43.289 [I/O dispatcher 1] WARN  com.ec.formflood.flood.FloodGeneric$SCallback:	
url:http://m.kmdjsm.cn/fopai/sub.asp
params:{"fname":"张三","ftel":13049682450,"faddress":"广东省广州市天河区中山一路338号","fchanpin":"天然白玛瑙       本命佛398.0元"}
duration:981

2018-01-19 17:40:43.289 [I/O dispatcher 1] WARN  com.ec.formflood.flood.FloodGeneric$SCallback:	

2018-01-19 17:43:15.255 [main] WARN  o.h.v.m.ParameterMessageInterpolator:	HV000184: ParameterMessageInterpolator has been chosen, EL interpolation will not be supported
2018-01-19 17:43:15.405 [main] WARN  o.h.v.m.ParameterMessageInterpolator:	HV000184: ParameterMessageInterpolator has been chosen, EL interpolation will not be supported
2018-01-19 17:44:12.829 [main] WARN  o.h.v.m.ParameterMessageInterpolator:	HV000184: ParameterMessageInterpolator has been chosen, EL interpolation will not be supported
2018-01-19 17:44:12.985 [main] WARN  o.h.v.m.ParameterMessageInterpolator:	HV000184: ParameterMessageInterpolator has been chosen, EL interpolation will not be supported
2018-01-19 17:44:14.204 [I/O dispatcher 1] WARN  com.ec.formflood.flood.FloodGeneric$SCallback:	
url:http://m.kmdjsm.cn/fopai/sub.asp
params:{"fname":"张三","ftel":13049682450,"faddress":"广东省广州市天河区中山一路338号","fchanpin":"天然白玛瑙       本命佛398.0元"}
duration:967

2018-01-19 17:44:14.204 [I/O dispatcher 1] WARN  com.ec.formflood.flood.FloodGeneric$SCallback:	

2018-01-19 17:46:48.707 [main] WARN  o.h.v.m.ParameterMessageInterpolator:	HV000184: ParameterMessageInterpolator has been chosen, EL interpolation will not be supported
2018-01-19 17:46:48.845 [main] WARN  o.h.v.m.ParameterMessageInterpolator:	HV000184: ParameterMessageInterpolator has been chosen, EL interpolation will not be supported
2018-01-19 17:46:50.061 [I/O dispatcher 1] WARN  com.ec.formflood.flood.FloodGeneric$SCallback:	
url:http://m.kmdjsm.cn/fopai/sub.asp
params:{"fname":"张三","ftel":13049682450,"faddress":"广东省广州市天河区中山一路338号","fchanpin":"天然白玛瑙       本命佛398.0元"}
duration:1012

2018-01-19 17:46:50.061 [I/O dispatcher 1] WARN  com.ec.formflood.flood.FloodGeneric$SCallback:	

2018-01-19 17:54:27.861 [main] WARN  o.h.v.m.ParameterMessageInterpolator:	HV000184: ParameterMessageInterpolator has been chosen, EL interpolation will not be supported
2018-01-19 17:54:28.001 [main] WARN  o.h.v.m.ParameterMessageInterpolator:	HV000184: ParameterMessageInterpolator has been chosen, EL interpolation will not be supported
2018-01-19 17:54:45.944 [main] WARN  o.h.v.m.ParameterMessageInterpolator:	HV000184: ParameterMessageInterpolator has been chosen, EL interpolation will not be supported
2018-01-19 17:54:46.086 [main] WARN  o.h.v.m.ParameterMessageInterpolator:	HV000184: ParameterMessageInterpolator has been chosen, EL interpolation will not be supported
2018-01-19 17:54:47.270 [I/O dispatcher 1] WARN  com.ec.formflood.flood.FloodGeneric$SCallback:	
url:http://m.kmdjsm.cn/fopai/sub.asp
params:{"fname":"张三","ftel":13049682450,"faddress":"广东省广州市天河区中山一路338号","fchanpin":"天然白玛瑙       本命佛398.0元"}
duration:966

2018-01-19 17:54:47.270 [I/O dispatcher 1] WARN  com.ec.formflood.flood.FloodGeneric$SCallback:	

2018-01-19 17:59:45.322 [main] WARN  o.h.v.m.ParameterMessageInterpolator:	HV000184: ParameterMessageInterpolator has been chosen, EL interpolation will not be supported
2018-01-19 17:59:45.446 [main] WARN  o.h.v.m.ParameterMessageInterpolator:	HV000184: ParameterMessageInterpolator has been chosen, EL interpolation will not be supported
2018-01-19 17:59:46.650 [I/O dispatcher 1] WARN  com.ec.formflood.flood.FloodGeneric$SCallback:	
url:http://m.kmdjsm.cn/fopai/sub.asp
params:{"fname":"张三","ftel":13049682450,"faddress":"广东省广州市天河区中山一路338号","fchanpin":"天然白玛瑙       本命佛398.0元"}
duration:999

2018-01-19 17:59:46.650 [I/O dispatcher 1] WARN  com.ec.formflood.flood.FloodGeneric$SCallback:	

2018-01-19 18:02:50.686 [main] WARN  o.h.v.m.ParameterMessageInterpolator:	HV000184: ParameterMessageInterpolator has been chosen, EL interpolation will not be supported
2018-01-19 18:02:50.833 [main] WARN  o.h.v.m.ParameterMessageInterpolator:	HV000184: ParameterMessageInterpolator has been chosen, EL interpolation will not be supported
2018-01-19 18:02:52.044 [I/O dispatcher 1] WARN  com.ec.formflood.flood.FloodGeneric$SCallback:	
url:http://m.kmdjsm.cn/fopai/sub.asp
params:{"fname":"张三","ftel":13049682450,"faddress":"广东省广州市天河区中山一路338号","fchanpin":"天然白玛瑙       本命佛398.0元"}
duration:995

2018-01-19 18:02:52.044 [I/O dispatcher 1] WARN  com.ec.formflood.flood.FloodGeneric$SCallback:	

2018-01-19 18:03:37.546 [main] WARN  o.h.v.m.ParameterMessageInterpolator:	HV000184: ParameterMessageInterpolator has been chosen, EL interpolation will not be supported
2018-01-19 18:03:37.690 [main] WARN  o.h.v.m.ParameterMessageInterpolator:	HV000184: ParameterMessageInterpolator has been chosen, EL interpolation will not be supported
2018-01-19 18:03:38.868 [I/O dispatcher 1] WARN  com.ec.formflood.flood.FloodGeneric$SCallback:	
url:http://m.kmdjsm.cn/fopai/sub.asp
params:{"fname":"张三","ftel":13049682450,"faddress":"广东省广州市天河区中山一路338号","fchanpin":"天然白玛瑙       本命佛398.0元"}
duration:967

2018-01-19 18:03:38.868 [I/O dispatcher 1] WARN  com.ec.formflood.flood.FloodGeneric$SCallback:	

2018-01-19 18:04:13.079 [main] WARN  o.h.v.m.ParameterMessageInterpolator:	HV000184: ParameterMessageInterpolator has been chosen, EL interpolation will not be supported
2018-01-19 18:04:13.225 [main] WARN  o.h.v.m.ParameterMessageInterpolator:	HV000184: ParameterMessageInterpolator has been chosen, EL interpolation will not be supported
2018-01-19 18:04:14.401 [I/O dispatcher 1] WARN  com.ec.formflood.flood.FloodGeneric$SCallback:	
url:http://m.kmdjsm.cn/fopai/sub.asp
params:{"fname":"张三","ftel":13049682450,"faddress":"广东省广州市天河区中山一路338号","fchanpin":"天然白玛瑙       本命佛398.0元"}
duration:979

2018-01-19 18:04:14.401 [I/O dispatcher 1] WARN  com.ec.formflood.flood.FloodGeneric$SCallback:	

2018-01-19 18:17:08.194 [main] WARN  o.h.v.m.ParameterMessageInterpolator:	HV000184: ParameterMessageInterpolator has been chosen, EL interpolation will not be supported
2018-01-19 18:17:08.335 [main] WARN  o.h.v.m.ParameterMessageInterpolator:	HV000184: ParameterMessageInterpolator has been chosen, EL interpolation will not be supported
2018-01-19 18:17:21.932 [main] WARN  o.h.v.m.ParameterMessageInterpolator:	HV000184: ParameterMessageInterpolator has been chosen, EL interpolation will not be supported
2018-01-19 18:17:22.106 [main] WARN  o.h.v.m.ParameterMessageInterpolator:	HV000184: ParameterMessageInterpolator has been chosen, EL interpolation will not be supported
2018-01-19 18:17:23.368 [I/O dispatcher 1] WARN  com.ec.formflood.flood.FloodGeneric$SCallback:	
url:http://m.kmdjsm.cn/fopai/sub.asp
params:{"fname":"张三","ftel":13049682450,"faddress":"广东省广州市天河区中山一路338号","fchanpin":"天然白玛瑙       本命佛398.0元"}
duration:978

2018-01-19 18:17:23.369 [I/O dispatcher 1] WARN  com.ec.formflood.flood.FloodGeneric$SCallback:	

2018-01-19 18:17:49.693 [main] WARN  o.h.v.m.ParameterMessageInterpolator:	HV000184: ParameterMessageInterpolator has been chosen, EL interpolation will not be supported
2018-01-19 18:17:49.841 [main] WARN  o.h.v.m.ParameterMessageInterpolator:	HV000184: ParameterMessageInterpolator has been chosen, EL interpolation will not be supported
2018-01-19 18:17:51.002 [I/O dispatcher 1] WARN  com.ec.formflood.flood.FloodGeneric$SCallback:	
url:http://m.kmdjsm.cn/fopai/sub.asp
params:{"fname":"张三","ftel":13049682450,"faddress":"广东省广州市天河区中山一路338号","fchanpin":"天然白玛瑙       本命佛398.0元"}
duration:966

2018-01-19 18:17:51.002 [I/O dispatcher 1] WARN  com.ec.formflood.flood.FloodGeneric$SCallback:	

2018-01-19 18:19:16.570 [main] WARN  o.h.v.m.ParameterMessageInterpolator:	HV000184: ParameterMessageInterpolator has been chosen, EL interpolation will not be supported
2018-01-19 18:19:16.707 [main] WARN  o.h.v.m.ParameterMessageInterpolator:	HV000184: ParameterMessageInterpolator has been chosen, EL interpolation will not be supported
2018-01-19 18:19:17.913 [I/O dispatcher 1] WARN  com.ec.formflood.flood.FloodGeneric$SCallback:	
url:http://m.kmdjsm.cn/fopai/sub.asp
params:{"fname":"张三","ftel":13049682450,"faddress":"广东省广州市天河区中山一路338号","fchanpin":"天然白玛瑙       本命佛398.0元"}
duration:999

2018-01-19 18:19:17.913 [I/O dispatcher 1] WARN  com.ec.formflood.flood.FloodGeneric$SCallback:	

2018-01-19 18:20:37.734 [main] WARN  o.h.v.m.ParameterMessageInterpolator:	HV000184: ParameterMessageInterpolator has been chosen, EL interpolation will not be supported
2018-01-19 18:20:37.956 [main] WARN  o.h.v.m.ParameterMessageInterpolator:	HV000184: ParameterMessageInterpolator has been chosen, EL interpolation will not be supported
2018-01-19 18:20:39.140 [I/O dispatcher 1] WARN  com.ec.formflood.flood.FloodGeneric$SCallback:	
url:http://m.kmdjsm.cn/fopai/sub.asp
params:{"fname":"张三","ftel":13049682450,"faddress":"广东省广州市天河区中山一路338号","fchanpin":"天然白玛瑙       本命佛398.0元"}
duration:997

2018-01-19 18:20:39.140 [I/O dispatcher 1] WARN  com.ec.formflood.flood.FloodGeneric$SCallback:	

2018-01-19 18:25:30.939 [main] WARN  o.h.v.m.ParameterMessageInterpolator:	HV000184: ParameterMessageInterpolator has been chosen, EL interpolation will not be supported
2018-01-19 18:25:31.166 [main] WARN  o.h.v.m.ParameterMessageInterpolator:	HV000184: ParameterMessageInterpolator has been chosen, EL interpolation will not be supported
2018-01-19 18:25:32.435 [I/O dispatcher 1] WARN  com.ec.formflood.flood.FloodGeneric$SCallback:	
url:http://m.kmdjsm.cn/fopai/sub.asp
params:{"fname":"张三","ftel":13049682450,"faddress":"广东省广州市天河区中山一路338号","fchanpin":"天然白玛瑙       本命佛398.0元"}
duration:1010

2018-01-19 18:25:32.435 [I/O dispatcher 1] WARN  com.ec.formflood.flood.FloodGeneric$SCallback:	

2018-01-19 18:28:12.519 [main] WARN  o.h.v.m.ParameterMessageInterpolator:	HV000184: ParameterMessageInterpolator has been chosen, EL interpolation will not be supported
2018-01-19 18:28:12.687 [main] WARN  o.h.v.m.ParameterMessageInterpolator:	HV000184: ParameterMessageInterpolator has been chosen, EL interpolation will not be supported
2018-01-19 18:28:20.661 [main] WARN  o.h.v.m.ParameterMessageInterpolator:	HV000184: ParameterMessageInterpolator has been chosen, EL interpolation will not be supported
2018-01-19 18:28:20.831 [main] WARN  o.h.v.m.ParameterMessageInterpolator:	HV000184: ParameterMessageInterpolator has been chosen, EL interpolation will not be supported
2018-01-19 18:28:22.043 [I/O dispatcher 1] WARN  com.ec.formflood.flood.FloodGeneric$SCallback:	
url:http://m.kmdjsm.cn/fopai/sub.asp
params:{"fname":"张三","ftel":13049682450,"faddress":"广东省广州市天河区中山一路338号","fchanpin":"天然白玛瑙       本命佛398.0元"}
duration:1011

2018-01-19 18:28:22.043 [I/O dispatcher 1] WARN  com.ec.formflood.flood.FloodGeneric$SCallback:	

2018-01-19 18:33:04.647 [main] WARN  o.h.v.m.ParameterMessageInterpolator:	HV000184: ParameterMessageInterpolator has been chosen, EL interpolation will not be supported
2018-01-19 18:33:04.802 [main] WARN  o.h.v.m.ParameterMessageInterpolator:	HV000184: ParameterMessageInterpolator has been chosen, EL interpolation will not be supported
2018-01-19 18:33:11.233 [main] WARN  o.h.v.m.ParameterMessageInterpolator:	HV000184: ParameterMessageInterpolator has been chosen, EL interpolation will not be supported
2018-01-19 18:33:11.380 [main] WARN  o.h.v.m.ParameterMessageInterpolator:	HV000184: ParameterMessageInterpolator has been chosen, EL interpolation will not be supported
2018-01-19 18:33:12.587 [I/O dispatcher 1] WARN  com.ec.formflood.flood.FloodGeneric$SCallback:	
url:http://m.kmdjsm.cn/fopai/sub.asp
params:{"fname":"张三","ftel":13049682450,"faddress":"广东省广州市天河区中山一路338号","fchanpin":"天然白玛瑙       本命佛398.0元"}
duration:999

2018-01-19 18:33:12.587 [I/O dispatcher 1] WARN  com.ec.formflood.flood.FloodGeneric$SCallback:	

2018-01-19 18:34:03.611 [main] WARN  o.h.v.m.ParameterMessageInterpolator:	HV000184: ParameterMessageInterpolator has been chosen, EL interpolation will not be supported
2018-01-19 18:34:03.761 [main] WARN  o.h.v.m.ParameterMessageInterpolator:	HV000184: ParameterMessageInterpolator has been chosen, EL interpolation will not be supported
2018-01-19 18:34:04.963 [I/O dispatcher 1] WARN  com.ec.formflood.flood.FloodGeneric$SCallback:	
url:http://m.kmdjsm.cn/fopai/sub.asp
params:{"fname":"张三","ftel":13049682450,"faddress":"广东省广州市天河区中山一路338号","fchanpin":"天然白玛瑙       本命佛398.0元"}
duration:985

2018-01-19 18:34:04.963 [I/O dispatcher 1] WARN  com.ec.formflood.flood.FloodGeneric$SCallback:	

2018-01-19 18:34:44.656 [main] WARN  o.h.v.m.ParameterMessageInterpolator:	HV000184: ParameterMessageInterpolator has been chosen, EL interpolation will not be supported
2018-01-19 18:34:44.805 [main] WARN  o.h.v.m.ParameterMessageInterpolator:	HV000184: ParameterMessageInterpolator has been chosen, EL interpolation will not be supported
2018-01-19 18:34:46.022 [I/O dispatcher 1] WARN  com.ec.formflood.flood.FloodGeneric$SCallback:	
url:http://m.kmdjsm.cn/fopai/sub.asp
params:{"fname":"张三","ftel":13049682450,"faddress":"广东省广州市天河区中山一路338号","fchanpin":"天然白玛瑙       本命佛398.0元"}
duration:984

2018-01-19 18:34:46.023 [I/O dispatcher 1] WARN  com.ec.formflood.flood.FloodGeneric$SCallback:	

